#
# A fatal error has been detected by the Java Runtime Environment:
#
#  EXCEPTION_ACCESS_VIOLATION (0xc0000005) at pc=0x00007ffedfd4e32a, pid=22236, tid=20804
#
# JRE version: OpenJDK Runtime Environment Temurin-17.0.3+7 (17.0.3+7) (build 17.0.3+7)
# Java VM: OpenJDK 64-Bit Server VM Temurin-17.0.3+7 (17.0.3+7, mixed mode, emulated-client, tiered, compressed oops, compressed class ptrs, g1 gc, windows-amd64)
# Problematic frame:
# V  [jvm.dll+0x79e32a]
#
# No core dump will be written. Minidumps are not enabled by default on client versions of Windows
#
# If you would like to submit a bug report, please visit:
#   https://github.com/adoptium/adoptium-support/issues
#

---------------  S U M M A R Y ------------

Command Line: -XX:+ShowCodeDetailsInExceptionMessages -agentlib:jdwp=transport=dt_socket,suspend=y,address=localhost:65278 -Dcom.sun.management.jmxremote -Dcom.sun.management.jmxremote.port=65277 -Dcom.sun.management.jmxremote.authenticate=false -Dcom.sun.management.jmxremote.ssl=false -Djava.rmi.server.hostname=localhost -Dspring.jmx.enabled=true -Dspring.application.admin.enabled=true -XX:TieredStopAtLevel=1 -Dspring.boot.project.name=api-osoc-lecturaxml -javaagent:D:\spring-tool-suite-4-4.15.1.RELEASE-e4.24.0-win32.win32.x86_64.self-extracting\sts-4.15.1.RELEASE\configuration\org.eclipse.osgi\258\0\.cp\lib\javaagent-shaded.jar -Dfile.encoding=UTF-8 com.pronaca.osoc.lecturaxml.ApiOsocLecturaxmlApplication --spring.output.ansi.enabled=always

Host: Intel(R) Core(TM) i7-3770 CPU @ 3.40GHz, 8 cores, 15G,  Windows 10 , 64 bit Build 19041 (10.0.19041.1806)
Time: Sat Jul 23 10:57:39 2022 Hora est. Pacífico, Sudamérica elapsed time: 41548.901759 seconds (0d 11h 32m 28s)

---------------  T H R E A D  ---------------

Current thread (0x0000026804ead700):  JavaThread "JDWP Transport Listener: dt_socket" daemon [_thread_in_vm, id=20804, stack(0x000000c25b300000,0x000000c25b400000)]

Stack: [0x000000c25b300000,0x000000c25b400000],  sp=0x000000c25b3ff830,  free space=1022k
Native frames: (J=compiled Java code, j=interpreted, Vv=VM code, C=native code)
V  [jvm.dll+0x79e32a]
V  [jvm.dll+0x5088cc]
V  [jvm.dll+0x4cff34]
C  [jdwp.dll+0x22dff]


siginfo: EXCEPTION_ACCESS_VIOLATION (0xc0000005), reading address 0x000000000026000b


Register to memory mapping:

RIP=0x00007ffedfd4e32a jvm.dll
RAX=0x0000000000000025 is an unknown value
RBX=0x0000026804ccc2cb points into unknown readable memory: 76 69 63 65 3b
RCX=0x0000000000260007 is an unknown value
RDX=0x00000268068d2150 points into unknown readable memory: 0x6f72702f6d6f634c | 4c 63 6f 6d 2f 70 72 6f
RSP=0x000000c25b3ff830 is pointing into the stack for thread: 0x0000026804ead700
RBP=0x0000026804ea1ee0 points into unknown readable memory: 0x0000000000000002 | 02 00 00 00 00 00 00 00
RSI=0x0 is NULL
RDI=0xffffffffffffffff is an unknown value
R8 =0x0000000000000002 is an unknown value
R9 =0x0 is NULL
R10=0x0000000000000039 is an unknown value
R11=0x000000c25b3ff850 is pointing into the stack for thread: 0x0000026804ead700
R12=0x000000c25b3ff988 is pointing into the stack for thread: 0x0000026804ead700
R13=0x0 is NULL
R14=0x0000000800a101f8 is a pointer to class: 
com.pronaca.osoc.lecturaxml.loaderxml.impl.LeerXmlStream {0x0000000800a10200}
 - instance size:     2
 - klass size:        69
 - access:            public synchronized 
 - state:             fully_initialized
 - name:              'com/pronaca/osoc/lecturaxml/loaderxml/impl/LeerXmlStream'
 - super:             'java/lang/Object'
 - sub:               
 - arrays:            NULL
 - methods:           Array<T>(0x000002680caf2d80)
 - method ordering:   Array<T>(0x000002680cb10480)
 - default_methods:   Array<T>(0x0000000000000000)
 - local interfaces:  Array<T>(0x000002680c8d0f80)
 - trans. interfaces: Array<T>(0x000002680c8d0f80)
 - constants:         constant pool [210] {0x000002680cbb69d8} for 'com/pronaca/osoc/lecturaxml/loaderxml/impl/LeerXmlStream' cache=0x000002680cbb7168
 - class loader data:  loader data: 0x00000268094bce00 for instance a 'org/springframework/boot/devtools/restart/classloader/RestartClassLoader'{0x0000000702f16960}
 - source file:       'LeerXmlStream.java'
 - source debug extension:       SMAP
LeerXmlStream.java
Java
*S jdt
*F
1 LeerXmlStream.java
2 file:/D:/Proyectos/Pronaca/api-osoc-lecturaxml/bin/main/
*L
*E

 - class annotations:       Array<T>(0x000002680cb091a0)
 - class type annotations:  Array<T>(0x0000000000000000)
 - field annotations:       Array<T>(0x0000000000000000)
 - field type annotations:  Array<T>(0x0000000000000000)
 - previous version:  constant pool [204] {0x000002680c8d08e0} for 'com/pronaca/osoc/lecturaxml/loaderxml/impl/LeerXmlStream' (extra) cache=0x000002680cb65508
 - generic signature: '
[error occurred during error reporting (printing register info), id 0xc0000005, EXCEPTION_ACCESS_VIOLATION (0xc0000005) at pc=0x00007ffedfd4ef36]

Registers:
RAX=0x0000000000000025, RBX=0x0000026804ccc2cb, RCX=0x0000000000260007, RDX=0x00000268068d2150
RSP=0x000000c25b3ff830, RBP=0x0000026804ea1ee0, RSI=0x0000000000000000, RDI=0xffffffffffffffff
R8 =0x0000000000000002, R9 =0x0000000000000000, R10=0x0000000000000039, R11=0x000000c25b3ff850
R12=0x000000c25b3ff988, R13=0x0000000000000000, R14=0x0000000800a101f8, R15=0x000000c25b3ff9b0
RIP=0x00007ffedfd4e32a, EFLAGS=0x0000000000010206

Top of Stack: (sp=0x000000c25b3ff830)
0x000000c25b3ff830:   0000000000000038 0000000800a101f8
0x000000c25b3ff840:   000002680698acd0 00007fff30c747b1
0x000000c25b3ff850:   ffffffffffffffff 00007ffedfab88cc
0x000000c25b3ff860:   0000026804ccc2cb 0000026804ccc290
0x000000c25b3ff870:   0000026804ea1ee0 0000000000000000
0x000000c25b3ff880:   0000026804ccc240 00000000000003d8
0x000000c25b3ff890:   0000026804ccc250 0000026804ccc628
0x000000c25b3ff8a0:   0000000000019601 000000c25b3ff988
0x000000c25b3ff8b0:   0000000000000007 0000026804ead9a8
0x000000c25b3ff8c0:   0000000702fc07a0 00007ffedfa7ff34
0x000000c25b3ff8d0:   0000026804ead700 000000c25b3ff9b0
0x000000c25b3ff8e0:   000002686f779540 000000c25b3ff9b0
0x000000c25b3ff8f0:   0000026804ead700 0000000000000000
0x000000c25b3ff900:   0000000000000000 0000000000000000
0x000000c25b3ff910:   0000026804e90bf0 00007fff0b3c2dff
0x000000c25b3ff920:   000000c25b3ff9a8 00007fff0b3d1aa0 

Instructions: (pc=0x00007ffedfd4e32a)
0x00007ffedfd4e22a:   48 83 c4 20 5f e9 bc 80 90 ff cc cc cc cc cc cc
0x00007ffedfd4e23a:   cc cc cc cc cc cc 48 89 5c 24 08 57 48 83 ec 20
0x00007ffedfd4e24a:   83 fa 02 8d 42 06 b9 08 00 00 00 49 8b d8 0f 4e
0x00007ffedfd4e25a:   c1 48 63 c8 48 83 c1 07 83 e1 f8 48 63 f9 49 8b
0x00007ffedfd4e26a:   48 18 48 8b c7 48 f7 d0 48 3b c1 73 16 4c 8d 05
0x00007ffedfd4e27a:   4a 50 17 00 48 8b d7 48 8b cb e8 c7 e3 90 ff 48
0x00007ffedfd4e28a:   8b 4b 18 48 8d 04 39 48 3b 43 20 76 18 45 33 c0
0x00007ffedfd4e29a:   48 8b d7 48 8b cb 48 8b 5c 24 30 48 83 c4 20 5f
0x00007ffedfd4e2aa:   e9 21 e0 90 ff 48 89 43 18 48 8b c1 48 8b 5c 24
0x00007ffedfd4e2ba:   30 48 83 c4 20 5f c3 cc cc cc cc cc cc cc cc cc
0x00007ffedfd4e2ca:   cc cc cc cc cc cc 4c 8b d2 4c 8b d9 45 85 c0 7e
0x00007ffedfd4e2da:   3c 44 0f b7 49 04 41 8d 40 ff 41 3b c1 44 0f 4c
0x00007ffedfd4e2ea:   c8 4d 63 c1 45 85 c9 7e 1f 48 8b c2 4c 2b da 49
0x00007ffedfd4e2fa:   8b d0 0f 1f 40 00 41 0f b6 4c 03 06 88 08 48 8d
0x00007ffedfd4e30a:   40 01 48 83 ea 01 75 ee 43 c6 04 10 00 49 8b c2
0x00007ffedfd4e31a:   c3 cc cc cc cc cc 48 89 5c 24 08 57 48 83 ec 20
0x00007ffedfd4e32a:   0f b7 59 04 48 8b f9 33 d2 48 8d 4b 01 e8 a4 dc
0x00007ffedfd4e33a:   f2 ff 0f b7 57 04 4c 8b c0 3b da 0f 42 d3 44 8b
0x00007ffedfd4e34a:   ca 85 d2 74 39 48 2b f8 0f 1f 40 00 66 66 0f 1f
0x00007ffedfd4e35a:   84 00 00 00 00 00 0f b6 4c 07 06 88 08 48 ff c0
0x00007ffedfd4e36a:   48 8b c8 49 2b c8 49 3b c9 7c eb 42 c6 04 02 00
0x00007ffedfd4e37a:   49 8b c0 48 8b 5c 24 30 48 83 c4 20 5f c3 48 8b
0x00007ffedfd4e38a:   5c 24 30 c6 04 02 00 48 83 c4 20 5f c3 cc cc cc
0x00007ffedfd4e39a:   cc cc cc cc cc cc 4c 8b d1 45 85 c0 7e 6c 44 0f
0x00007ffedfd4e3aa:   b7 49 04 41 8d 40 ff 41 3b c1 44 0f 4c c8 4d 63
0x00007ffedfd4e3ba:   d9 45 85 c9 7e 22 48 8b ca 4c 2b d2 4d 8b c3 0f
0x00007ffedfd4e3ca:   1f 80 00 00 00 00 41 0f b6 44 0a 06 88 01 48 8d
0x00007ffedfd4e3da:   49 01 49 83 e8 01 75 ee 41 c6 04 13 00 48 c7 c0
0x00007ffedfd4e3ea:   ff ff ff ff 66 90 48 ff c0 80 3c 02 00 75 f7 48
0x00007ffedfd4e3fa:   63 c8 85 c0 48 8b c2 7e 14 80 38 2f 75 03 c6 00
0x00007ffedfd4e40a:   2e 48 ff c0 48 83 e9 01 75 ef 48 8b c2 c3 cc cc
0x00007ffedfd4e41a:   cc cc cc cc cc cc 48 83 ec 28 e8 f7 fe ff ff 4c 


Stack slot to memory mapping:
stack at sp + 0 slots: 0x0000000000000038 is an unknown value
stack at sp + 1 slots: 0x0000000800a101f8 is a pointer to class: 
com.pronaca.osoc.lecturaxml.loaderxml.impl.LeerXmlStream {0x0000000800a10200}
 - instance size:     2
 - klass size:        69
 - access:            public synchronized 
 - state:             fully_initialized
 - name:              'com/pronaca/osoc/lecturaxml/loaderxml/impl/LeerXmlStream'
 - super:             'java/lang/Object'
 - sub:               
 - arrays:            NULL
 - methods:           Array<T>(0x000002680caf2d80)
 - method ordering:   Array<T>(0x000002680cb10480)
 - default_methods:   Array<T>(0x0000000000000000)
 - local interfaces:  Array<T>(0x000002680c8d0f80)
 - trans. interfaces: Array<T>(0x000002680c8d0f80)
 - constants:         constant pool [210] {0x000002680cbb69d8} for 'com/pronaca/osoc/lecturaxml/loaderxml/impl/LeerXmlStream' cache=0x000002680cbb7168
 - class loader data:  loader data: 0x00000268094bce00 for instance a 'org/springframework/boot/devtools/restart/classloader/RestartClassLoader'{0x0000000702f16960}
 - source file:       'LeerXmlStream.java'
 - source debug extension:       SMAP
LeerXmlStream.java
Java
*S jdt
*F
1 LeerXmlStream.java
2 file:/D:/Proyectos/Pronaca/api-osoc-lecturaxml/bin/main/
*L
*E

 - class annotations:       Array<T>(0x000002680cb091a0)
 - class type annotations:  Array<T>(0x0000000000000000)
 - field annotations:       Array<T>(0x0000000000000000)
 - field type annotations:  Array<T>(0x0000000000000000)
 - previous version:  constant pool [204] {0x000002680c8d08e0} for 'com/pronaca/osoc/lecturaxml/loaderxml/impl/LeerXmlStream' (extra) cache=0x000002680cb65508
 - generic signature: '
[error occurred during error reporting (inspecting top of stack), id 0xc0000005, EXCEPTION_ACCESS_VIOLATION (0xc0000005) at pc=0x00007ffedfd4ef36]


---------------  P R O C E S S  ---------------

Threads class SMR info:
_java_thread_list=0x0000026805ab86b0, length=54, elements={
0x0000026804c23530, 0x0000026804c242b0, 0x0000026804c865f0, 0x0000026804c89ed0,
0x0000026804c8af30, 0x0000026804c8efb0, 0x0000026804c935c0, 0x0000026804c96e10,
0x0000026804d12980, 0x0000026804ead700, 0x0000026804eb15c0, 0x0000026804eb1ab0,
0x00000268056c22b0, 0x00000268057639c0, 0x00000268057b9080, 0x0000026805884440,
0x0000026806667e20, 0x0000026806681bd0, 0x0000026807125ca0, 0x000002680712d020,
0x000002680712a9a0, 0x0000026806bd0490, 0x0000026806bd5b30, 0x0000026806bd5660,
0x0000026806bd17d0, 0x0000026806bd7810, 0x0000026806bd47f0, 0x0000026807129660,
0x000002680712b810, 0x00000268066ccca0, 0x000002680bb6d4e0, 0x000002680bb74390,
0x000002680bb72b80, 0x000002680bb73520, 0x000002680bb6de80, 0x000002680bb739f0,
0x000002680bb6d9b0, 0x000002680bb721e0, 0x000002680bb73ec0, 0x000002680bb726b0,
0x000002680bb71840, 0x000002680bb73050, 0x000002680bb6e350, 0x000002680bb6e820,
0x000002680bb6ecf0, 0x000002680bb6f1c0, 0x000002680bb6fb60, 0x000002680bb70030,
0x000002680bb70500, 0x000002680bb70ea0, 0x000002680bb71d10, 0x000002680712c1b0,
0x00000268071274b0, 0x0000026807129190
}

Java Threads: ( => current thread )
  0x0000026804c23530 JavaThread "Reference Handler" daemon [_thread_blocked, id=10720, stack(0x000000c25a900000,0x000000c25aa00000)]
  0x0000026804c242b0 JavaThread "Finalizer" daemon [_thread_blocked, id=25964, stack(0x000000c25aa00000,0x000000c25ab00000)]
  0x0000026804c865f0 JavaThread "Signal Dispatcher" daemon [_thread_blocked, id=14176, stack(0x000000c25ab00000,0x000000c25ac00000)]
  0x0000026804c89ed0 JavaThread "Attach Listener" daemon [_thread_blocked, id=26004, stack(0x000000c25ac00000,0x000000c25ad00000)]
  0x0000026804c8af30 JavaThread "Service Thread" daemon [_thread_blocked, id=17088, stack(0x000000c25ad00000,0x000000c25ae00000)]
  0x0000026804c8efb0 JavaThread "Monitor Deflation Thread" daemon [_thread_blocked, id=1160, stack(0x000000c25ae00000,0x000000c25af00000)]
  0x0000026804c935c0 JavaThread "C1 CompilerThread0" daemon [_thread_blocked, id=25244, stack(0x000000c25af00000,0x000000c25b000000)]
  0x0000026804c96e10 JavaThread "Sweeper thread" daemon [_thread_blocked, id=26184, stack(0x000000c25b000000,0x000000c25b100000)]
  0x0000026804d12980 JavaThread "Common-Cleaner" daemon [_thread_blocked, id=21096, stack(0x000000c25b100000,0x000000c25b200000)]
=>0x0000026804ead700 JavaThread "JDWP Transport Listener: dt_socket" daemon [_thread_in_vm, id=20804, stack(0x000000c25b300000,0x000000c25b400000)]
  0x0000026804eb15c0 JavaThread "JDWP Event Helper Thread" daemon [_thread_blocked, id=21112, stack(0x000000c25b400000,0x000000c25b500000)]
  0x0000026804eb1ab0 JavaThread "JDWP Command Reader" daemon [_thread_in_native, id=10064, stack(0x000000c25b500000,0x000000c25b600000)]
  0x00000268056c22b0 JavaThread "Notification Thread" daemon [_thread_blocked, id=21364, stack(0x000000c25b600000,0x000000c25b700000)]
  0x00000268057639c0 JavaThread "RMI TCP Accept-0" daemon [_thread_in_native, id=14560, stack(0x000000c25b700000,0x000000c25b800000)]
  0x00000268057b9080 JavaThread "RMI TCP Accept-65277" daemon [_thread_in_native, id=24632, stack(0x000000c25b800000,0x000000c25b900000)]
  0x0000026805884440 JavaThread "RMI TCP Accept-0" daemon [_thread_in_native, id=26604, stack(0x000000c25b900000,0x000000c25ba00000)]
  0x0000026806667e20 JavaThread "RMI Scheduler(0)" daemon [_thread_blocked, id=26568, stack(0x000000c25c600000,0x000000c25c700000)]
  0x0000026806681bd0 JavaThread "JMX server connection timeout 25" daemon [_thread_blocked, id=20320, stack(0x000000c25c800000,0x000000c25c900000)]
  0x0000026807125ca0 JavaThread "oracle.jdbc.driver.BlockSource.ThreadedCachingBlockSource.BlockReleaser" daemon [_thread_blocked, id=26220, stack(0x000000c25d100000,0x000000c25d200000)]
  0x000002680712d020 JavaThread "InterruptTimer" daemon [_thread_blocked, id=17924, stack(0x000000c25d200000,0x000000c25d300000)]
  0x000002680712a9a0 JavaThread "Live Reload Server" daemon [_thread_in_native, id=25976, stack(0x000000c25d800000,0x000000c25d900000)]
  0x0000026806bd0490 JavaThread "DestroyJavaVM" [_thread_blocked, id=17076, stack(0x000000c25a200000,0x000000c25a300000)]
  0x0000026806bd5b30 JavaThread "ForkJoinPool.commonPool-worker-1" daemon [_thread_blocked, id=24768, stack(0x000000c25ec00000,0x000000c25ed00000)]
  0x0000026806bd5660 JavaThread "ForkJoinPool.commonPool-worker-2" daemon [_thread_blocked, id=18376, stack(0x000000c25ed00000,0x000000c25ee00000)]
  0x0000026806bd17d0 JavaThread "ForkJoinPool.commonPool-worker-4" daemon [_thread_blocked, id=26276, stack(0x000000c25ef00000,0x000000c25f000000)]
  0x0000026806bd7810 JavaThread "ForkJoinPool.commonPool-worker-5" daemon [_thread_blocked, id=26492, stack(0x000000c25f000000,0x000000c25f100000)]
  0x0000026806bd47f0 JavaThread "ForkJoinPool.commonPool-worker-7" daemon [_thread_blocked, id=24624, stack(0x000000c25f200000,0x000000c25f300000)]
  0x0000026807129660 JavaThread "pool-4-thread-1" [_thread_blocked, id=27952, stack(0x000000c25e300000,0x000000c25e400000)]
  0x000002680712b810 JavaThread "pool-4-thread-2" [_thread_blocked, id=27832, stack(0x000000c25c300000,0x000000c25c400000)]
  0x00000268066ccca0 JavaThread "RMI TCP Connection(idle)" daemon [_thread_blocked, id=15280, stack(0x000000c25e700000,0x000000c25e800000)]
  0x000002680bb6d4e0 JavaThread "ForkJoinPool.commonPool-worker-8" daemon [_thread_blocked, id=26348, stack(0x000000c25c500000,0x000000c25c600000)]
  0x000002680bb74390 JavaThread "ForkJoinPool.commonPool-worker-9" daemon [_thread_blocked, id=26932, stack(0x000000c25e500000,0x000000c25e600000)]
  0x000002680bb72b80 JavaThread "Catalina-utility-1" [_thread_blocked, id=19188, stack(0x000000c25c900000,0x000000c25ca00000)]
  0x000002680bb73520 JavaThread "Catalina-utility-2" [_thread_blocked, id=27008, stack(0x000000c25cb00000,0x000000c25cc00000)]
  0x000002680bb6de80 JavaThread "container-0" [_thread_blocked, id=23104, stack(0x000000c25cd00000,0x000000c25ce00000)]
  0x000002680bb739f0 JavaThread "OJDBC-WORKER-THREAD-31" daemon [_thread_blocked, id=28504, stack(0x000000c25ce00000,0x000000c25cf00000)]
  0x000002680bb6d9b0 JavaThread "jdbc/sisocos housekeeper" daemon [_thread_blocked, id=26760, stack(0x000000c25d300000,0x000000c25d400000)]
  0x000002680bb721e0 JavaThread "File Watcher" daemon [_thread_blocked, id=26972, stack(0x000000c25d700000,0x000000c25d800000)]
  0x000002680bb73ec0 JavaThread "http-nio-8184-exec-1" daemon [_thread_blocked, id=25916, stack(0x000000c25d900000,0x000000c25da00000)]
  0x000002680bb726b0 JavaThread "http-nio-8184-exec-2" daemon [_thread_blocked, id=26132, stack(0x000000c25da00000,0x000000c25db00000)]
  0x000002680bb71840 JavaThread "http-nio-8184-exec-3" daemon [_thread_blocked, id=26688, stack(0x000000c25db00000,0x000000c25dc00000)]
  0x000002680bb73050 JavaThread "http-nio-8184-exec-4" daemon [_thread_blocked, id=14800, stack(0x000000c25dc00000,0x000000c25dd00000)]
  0x000002680bb6e350 JavaThread "http-nio-8184-exec-5" daemon [_thread_blocked, id=1756, stack(0x000000c25dd00000,0x000000c25de00000)]
  0x000002680bb6e820 JavaThread "http-nio-8184-exec-6" daemon [_thread_blocked, id=21228, stack(0x000000c25de00000,0x000000c25df00000)]
  0x000002680bb6ecf0 JavaThread "http-nio-8184-exec-7" daemon [_thread_blocked, id=14256, stack(0x000000c25df00000,0x000000c25e000000)]
  0x000002680bb6f1c0 JavaThread "http-nio-8184-exec-8" daemon [_thread_blocked, id=21092, stack(0x000000c25e000000,0x000000c25e100000)]
  0x000002680bb6fb60 JavaThread "http-nio-8184-exec-9" daemon [_thread_blocked, id=27432, stack(0x000000c25e100000,0x000000c25e200000)]
  0x000002680bb70030 JavaThread "http-nio-8184-exec-10" daemon [_thread_blocked, id=9320, stack(0x000000c25e200000,0x000000c25e300000)]
  0x000002680bb70500 JavaThread "http-nio-8184-Poller" daemon [_thread_in_native, id=9660, stack(0x000000c25e400000,0x000000c25e500000)]
  0x000002680bb70ea0 JavaThread "http-nio-8184-Acceptor" daemon [_thread_in_native, id=17000, stack(0x000000c25e800000,0x000000c25e900000)]
  0x000002680bb71d10 JavaThread "RMI TCP Connection(idle)" daemon [_thread_blocked, id=15088, stack(0x000000c25e900000,0x000000c25ea00000)]
  0x000002680712c1b0 JavaThread "RMI TCP Connection(721)-127.0.0.1" daemon [_thread_in_native, id=27524, stack(0x000000c25ea00000,0x000000c25eb00000)]
  0x00000268071274b0 JavaThread "pool-6-thread-1" [_thread_blocked, id=25784, stack(0x000000c25eb00000,0x000000c25ec00000)]
  0x0000026807129190 JavaThread "RMI TCP Connection(idle)" daemon [_thread_blocked, id=28152, stack(0x000000c25ee00000,0x000000c25ef00000)]

Other Threads:
  0x00000268041990b0 VMThread "VM Thread" [stack: 0x000000c25a800000,0x000000c25a900000] [id=23672]
  0x000002686f814890 WatcherThread [stack: 0x000000c25ba00000,0x000000c25bb00000] [id=6040]
  0x000002686f7f76e0 GCTaskThread "GC Thread#0" [stack: 0x000000c25a300000,0x000000c25a400000] [id=21412]
  0x00000268058adf40 GCTaskThread "GC Thread#1" [stack: 0x000000c25bb00000,0x000000c25bc00000] [id=2880]
  0x00000268058ae1f0 GCTaskThread "GC Thread#2" [stack: 0x000000c25bc00000,0x000000c25bd00000] [id=25192]
  0x00000268058ae4a0 GCTaskThread "GC Thread#3" [stack: 0x000000c25bd00000,0x000000c25be00000] [id=26444]
  0x0000026805a3c040 GCTaskThread "GC Thread#4" [stack: 0x000000c25be00000,0x000000c25bf00000] [id=23904]
  0x0000026805a3c2f0 GCTaskThread "GC Thread#5" [stack: 0x000000c25bf00000,0x000000c25c000000] [id=26436]
  0x00000268058ce6e0 GCTaskThread "GC Thread#6" [stack: 0x000000c25c000000,0x000000c25c100000] [id=18964]
  0x0000026805a7bfc0 GCTaskThread "GC Thread#7" [stack: 0x000000c25c100000,0x000000c25c200000] [id=23304]
  0x000002686f8083b0 ConcurrentGCThread "G1 Main Marker" [stack: 0x000000c25a400000,0x000000c25a500000] [id=14780]
  0x000002686f809470 ConcurrentGCThread "G1 Conc#0" [stack: 0x000000c25a500000,0x000000c25a600000] [id=5584]
  0x0000026806855c00 ConcurrentGCThread "G1 Conc#1" [stack: 0x000000c25cc00000,0x000000c25cd00000] [id=16272]
  0x00000268040340f0 ConcurrentGCThread "G1 Refine#0" [stack: 0x000000c25a600000,0x000000c25a700000] [id=2616]
  0x0000026805a3c5a0 ConcurrentGCThread "G1 Refine#1" [stack: 0x000000c25c200000,0x000000c25c300000] [id=21896]
  0x000002680753c440 ConcurrentGCThread "G1 Refine#2" [stack: 0x000000c25cf00000,0x000000c25d000000] [id=14444]
  0x0000026807405060 ConcurrentGCThread "G1 Refine#3" [stack: 0x000000c25d000000,0x000000c25d100000] [id=25408]
  0x0000026804034a20 ConcurrentGCThread "G1 Service" [stack: 0x000000c25a700000,0x000000c25a800000] [id=284]

Threads with active compile tasks:

VM state: not at safepoint (normal execution)

VM Mutex/Monitor currently owned by a thread: None

Heap address: 0x0000000701800000, size: 4072 MB, Compressed Oops mode: Zero based, Oop shift amount: 3

CDS archive(s) not mapped
Compressed class space mapped at: 0x0000000800000000-0x0000000840000000, reserved size: 1073741824
Narrow klass base: 0x0000000800000000, Narrow klass shift: 0, Narrow klass range: 0x40000000

GC Precious Log:
 CPUs: 8 total, 8 available
 Memory: 16283M
 Large Page Support: Disabled
 NUMA Support: Disabled
 Compressed Oops: Enabled (Zero based)
 Heap Region Size: 2M
 Heap Min Capacity: 8M
 Heap Initial Capacity: 256M
 Heap Max Capacity: 4072M
 Pre-touch: Disabled
 Parallel Workers: 8
 Concurrent Workers: 2
 Concurrent Refinement Workers: 8
 Periodic GC: Disabled

Heap:
 garbage-first heap   total 90112K, used 34804K [0x0000000701800000, 0x0000000800000000)
  region size 2048K, 3 young (6144K), 0 survivors (0K)
 Metaspace       used 78967K, committed 79616K, reserved 1122304K
  class space    used 10192K, committed 10496K, reserved 1048576K

Heap Regions: E=young(eden), S=young(survivor), O=old, HS=humongous(starts), HC=humongous(continues), CS=collection set, F=free, OA=open archive, CA=closed archive, TAMS=top-at-mark-start (previous, next)
|   0|0x0000000701800000, 0x00000007019fffe0, 0x0000000701a00000| 99%| O|  |TAMS 0x00000007019fffe0, 0x0000000701800000| Untracked 
|   1|0x0000000701a00000, 0x0000000701bfffb8, 0x0000000701c00000| 99%| O|  |TAMS 0x0000000701bfffb8, 0x0000000701a00000| Untracked 
|   2|0x0000000701c00000, 0x0000000701dffff0, 0x0000000701e00000| 99%| O|  |TAMS 0x0000000701dffff0, 0x0000000701c00000| Untracked 
|   3|0x0000000701e00000, 0x0000000701fffff8, 0x0000000702000000| 99%| O|  |TAMS 0x0000000701fffff8, 0x0000000701e00000| Untracked 
|   4|0x0000000702000000, 0x00000007021ffff0, 0x0000000702200000| 99%| O|  |TAMS 0x00000007021ffff0, 0x0000000702000000| Untracked 
|   5|0x0000000702200000, 0x00000007023fffd8, 0x0000000702400000| 99%| O|  |TAMS 0x00000007023fffd8, 0x0000000702200000| Untracked 
|   6|0x0000000702400000, 0x00000007025ffff8, 0x0000000702600000| 99%| O|  |TAMS 0x00000007025ffff8, 0x0000000702400000| Untracked 
|   7|0x0000000702600000, 0x00000007027ffff8, 0x0000000702800000| 99%| O|  |TAMS 0x00000007027ffff8, 0x0000000702600000| Untracked 
|   8|0x0000000702800000, 0x0000000702a00000, 0x0000000702a00000|100%| O|  |TAMS 0x0000000702a00000, 0x0000000702800000| Untracked 
|   9|0x0000000702a00000, 0x0000000702bffff8, 0x0000000702c00000| 99%| O|  |TAMS 0x0000000702bffff8, 0x0000000702a00000| Untracked 
|  10|0x0000000702c00000, 0x0000000702db3848, 0x0000000702e00000| 85%| O|  |TAMS 0x0000000702c00000, 0x0000000702c00000| Untracked 
|  11|0x0000000702e00000, 0x0000000703000000, 0x0000000703000000|100%| O|  |TAMS 0x0000000703000000, 0x0000000702e00000| Untracked 
|  12|0x0000000703000000, 0x00000007031fffe8, 0x0000000703200000| 99%| O|  |TAMS 0x00000007031fffe8, 0x0000000703000000| Untracked 
|  13|0x0000000703200000, 0x00000007033f05f0, 0x0000000703400000| 96%| O|  |TAMS 0x00000007033f05f0, 0x0000000703200000| Untracked 
|  14|0x0000000703400000, 0x00000007035fee08, 0x0000000703600000| 99%| O|  |TAMS 0x00000007035fee08, 0x0000000703400000| Untracked 
|  15|0x0000000703600000, 0x000000070365a748, 0x0000000703800000| 17%| O|  |TAMS 0x0000000703600000, 0x0000000703600000| Untracked 
|  16|0x0000000703800000, 0x0000000703800000, 0x0000000703a00000|  0%| F|  |TAMS 0x0000000703800000, 0x0000000703800000| Untracked 
|  17|0x0000000703a00000, 0x0000000703a00000, 0x0000000703c00000|  0%| F|  |TAMS 0x0000000703a00000, 0x0000000703a00000| Untracked 
|  18|0x0000000703c00000, 0x0000000703c00000, 0x0000000703e00000|  0%| F|  |TAMS 0x0000000703c00000, 0x0000000703c00000| Untracked 
|  19|0x0000000703e00000, 0x0000000703e00000, 0x0000000704000000|  0%| F|  |TAMS 0x0000000703e00000, 0x0000000703e00000| Untracked 
|  20|0x0000000704000000, 0x0000000704000000, 0x0000000704200000|  0%| F|  |TAMS 0x0000000704000000, 0x0000000704000000| Untracked 
|  21|0x0000000704200000, 0x0000000704200000, 0x0000000704400000|  0%| F|  |TAMS 0x0000000704200000, 0x0000000704200000| Untracked 
|  22|0x0000000704400000, 0x0000000704400000, 0x0000000704600000|  0%| F|  |TAMS 0x0000000704400000, 0x0000000704400000| Untracked 
|  23|0x0000000704600000, 0x0000000704600000, 0x0000000704800000|  0%| F|  |TAMS 0x0000000704600000, 0x0000000704600000| Untracked 
|  24|0x0000000704800000, 0x0000000704800000, 0x0000000704a00000|  0%| F|  |TAMS 0x0000000704800000, 0x0000000704800000| Untracked 
|  25|0x0000000704a00000, 0x0000000704a00000, 0x0000000704c00000|  0%| F|  |TAMS 0x0000000704a00000, 0x0000000704a00000| Untracked 
|  26|0x0000000704c00000, 0x0000000704c00000, 0x0000000704e00000|  0%| F|  |TAMS 0x0000000704c00000, 0x0000000704c00000| Untracked 
|  27|0x0000000704e00000, 0x0000000704e00000, 0x0000000705000000|  0%| F|  |TAMS 0x0000000704e00000, 0x0000000704e00000| Untracked 
|  28|0x0000000705000000, 0x0000000705000000, 0x0000000705200000|  0%| F|  |TAMS 0x0000000705000000, 0x0000000705000000| Untracked 
|  29|0x0000000705200000, 0x0000000705200000, 0x0000000705400000|  0%| F|  |TAMS 0x0000000705200000, 0x0000000705200000| Untracked 
|  30|0x0000000705400000, 0x0000000705400000, 0x0000000705600000|  0%| F|  |TAMS 0x0000000705400000, 0x0000000705400000| Untracked 
|  31|0x0000000705600000, 0x0000000705600000, 0x0000000705800000|  0%| F|  |TAMS 0x0000000705600000, 0x0000000705600000| Untracked 
|  32|0x0000000705800000, 0x0000000705800000, 0x0000000705a00000|  0%| F|  |TAMS 0x0000000705800000, 0x0000000705800000| Untracked 
|  33|0x0000000705a00000, 0x0000000705a00000, 0x0000000705c00000|  0%| F|  |TAMS 0x0000000705a00000, 0x0000000705a00000| Untracked 
|  34|0x0000000705c00000, 0x0000000705c00000, 0x0000000705e00000|  0%| F|  |TAMS 0x0000000705c00000, 0x0000000705c00000| Untracked 
|  35|0x0000000705e00000, 0x0000000705e00000, 0x0000000706000000|  0%| F|  |TAMS 0x0000000705e00000, 0x0000000705e00000| Untracked 
|  36|0x0000000706000000, 0x0000000706000000, 0x0000000706200000|  0%| F|  |TAMS 0x0000000706000000, 0x0000000706000000| Untracked 
|  37|0x0000000706200000, 0x0000000706200000, 0x0000000706400000|  0%| F|  |TAMS 0x0000000706200000, 0x0000000706200000| Untracked 
|  38|0x0000000706400000, 0x0000000706400000, 0x0000000706600000|  0%| F|  |TAMS 0x0000000706400000, 0x0000000706400000| Untracked 
|  39|0x0000000706600000, 0x0000000706600000, 0x0000000706800000|  0%| F|  |TAMS 0x0000000706600000, 0x0000000706600000| Untracked 
|  40|0x0000000706800000, 0x0000000706800000, 0x0000000706a00000|  0%| F|  |TAMS 0x0000000706800000, 0x0000000706800000| Untracked 
|  41|0x0000000706a00000, 0x0000000706aac540, 0x0000000706c00000| 33%| E|  |TAMS 0x0000000706a00000, 0x0000000706a00000| Complete 
|  42|0x0000000706c00000, 0x0000000706e00000, 0x0000000706e00000|100%| E|CS|TAMS 0x0000000706c00000, 0x0000000706c00000| Complete 
|  43|0x0000000706e00000, 0x0000000707000000, 0x0000000707000000|100%| E|CS|TAMS 0x0000000706e00000, 0x0000000706e00000| Complete 

Card table byte_map: [0x00000268786c0000,0x0000026878ec0000] _byte_map_base: 0x0000026874eb4000

Marking Bits (Prev, Next): (CMBitMap*) 0x000002686f7f7c00, (CMBitMap*) 0x000002686f7f7c40
 Prev Bits: [0x00000268796c0000, 0x000002687d660000)
 Next Bits: [0x0000026800000000, 0x0000026803fa0000)

Polling page: 0x000002686ed30000

Metaspace:

Usage:
  Non-class:     67.16 MB used.
      Class:      9.95 MB used.
       Both:     77.12 MB used.

Virtual space:
  Non-class space:       72.00 MB reserved,      67.50 MB ( 94%) committed,  9 nodes.
      Class space:        1.00 GB reserved,      10.25 MB (  1%) committed,  1 nodes.
             Both:        1.07 GB reserved,      77.75 MB (  7%) committed. 

Chunk freelists:
   Non-Class:  269.00 KB
       Class:  1.66 MB
        Both:  1.92 MB

MaxMetaspaceSize: unlimited
CompressedClassSpaceSize: 1.00 GB
Initial GC threshold: 21.00 MB
Current GC threshold: 129.62 MB
CDS: off
MetaspaceReclaimPolicy: balanced
 - commit_granule_bytes: 65536.
 - commit_granule_words: 8192.
 - virtual_space_node_default_size: 1048576.
 - enlarge_chunks_in_place: 1.
 - new_chunks_are_fully_committed: 0.
 - uncommit_free_chunks: 1.
 - use_allocation_guard: 0.
 - handle_deallocations: 1.


Internal statistics:

num_allocs_failed_limit: 9.
num_arena_births: 1352.
num_arena_deaths: 420.
num_vsnodes_births: 10.
num_vsnodes_deaths: 0.
num_space_committed: 1245.
num_space_uncommitted: 1.
num_chunks_returned_to_freelist: 550.
num_chunks_taken_from_freelist: 4362.
num_chunk_merges: 119.
num_chunk_splits: 2594.
num_chunks_enlarged: 1706.
num_purges: 38.
num_inconsistent_stats: 0.

CodeCache: size=49152Kb used=24805Kb max_used=26345Kb free=24346Kb
 bounds [0x0000026874630000, 0x0000026875ff0000, 0x0000026877630000]
 total_blobs=13368 nmethods=12674 adapters=620
 compilation: enabled
              stopped_count=0, restarted_count=0
 full_count=0

Compilation events (20 events):
Event: 41527.497 Thread 0x0000026804c935c0 12665       1       com.jcraft.jsch.KeyExchange::<init> (56 bytes)
Event: 41527.498 Thread 0x0000026804c935c0 nmethod 12665 0x0000026875e31e10 code [0x0000026875e31fa0, 0x0000026875e321f8]
Event: 41527.498 Thread 0x0000026804c935c0 12666       1       javax.crypto.KeyAgreement::getInstance (96 bytes)
Event: 41527.499 Thread 0x0000026804c935c0 nmethod 12666 0x0000026875e30b90 code [0x0000026875e30e20, 0x0000026875e31868]
Event: 41527.499 Thread 0x0000026804c935c0 12667       1       javax.crypto.KeyAgreement::<init> (31 bytes)
Event: 41527.499 Thread 0x0000026804c935c0 nmethod 12667 0x0000026875e30690 code [0x0000026875e30820, 0x0000026875e30ad8]
Event: 41527.521 Thread 0x0000026804c935c0 12668       1       javax.crypto.KeyAgreement::init (9 bytes)
Event: 41527.522 Thread 0x0000026804c935c0 nmethod 12668 0x0000026875e30310 code [0x0000026875e304c0, 0x0000026875e305d8]
Event: 41527.522 Thread 0x0000026804c935c0 12669   !   1       javax.crypto.KeyAgreement::init (93 bytes)
Event: 41527.522 Thread 0x0000026804c935c0 nmethod 12669 0x0000026875e2fd90 code [0x0000026875e2ff60, 0x0000026875e301a8]
Event: 41527.522 Thread 0x0000026804c935c0 12670   !   1       javax.crypto.KeyAgreement::chooseProvider (278 bytes)
Event: 41527.523 Thread 0x0000026804c935c0 nmethod 12670 0x0000026875e2e210 code [0x0000026875e2e500, 0x0000026875e2f2f8]
Event: 41527.523 Thread 0x0000026804c935c0 12671       1       javax.crypto.KeyAgreement::implInit (25 bytes)
Event: 41527.523 Thread 0x0000026804c935c0 nmethod 12671 0x0000026875e2de10 code [0x0000026875e2dfc0, 0x0000026875e2e138]
Event: 41527.523 Thread 0x0000026804c935c0 12672       1       com.jcraft.jsch.Buffer::putByte (9 bytes)
Event: 41527.523 Thread 0x0000026804c935c0 nmethod 12672 0x0000026875e2da10 code [0x0000026875e2dba0, 0x0000026875e2dd28]
Event: 41527.979 Thread 0x0000026804c935c0 12673       1       java.nio.charset.CharsetDecoder::charset (5 bytes)
Event: 41527.980 Thread 0x0000026804c935c0 nmethod 12673 0x0000026875e2d710 code [0x0000026875e2d8a0, 0x0000026875e2d978]
Event: 41528.001 Thread 0x0000026804c935c0 12674   !   1       jdk.internal.reflect.GeneratedConstructorAccessor55::newInstance (61 bytes)
Event: 41528.001 Thread 0x0000026804c935c0 nmethod 12674 0x0000026875e2ce10 code [0x0000026875e2d000, 0x0000026875e2d448]

GC Heap History (20 events):
Event: 41525.054 GC heap before
{Heap before GC invocations=189 (full 71):
 garbage-first heap   total 90112K, used 32904K [0x0000000701800000, 0x0000000800000000)
  region size 2048K, 2 young (4096K), 0 survivors (0K)
 Metaspace       used 78946K, committed 79616K, reserved 1122304K
  class space    used 10190K, committed 10496K, reserved 1048576K
}
Event: 41525.136 GC heap after
{Heap after GC invocations=190 (full 72):
 garbage-first heap   total 90112K, used 30936K [0x0000000701800000, 0x0000000800000000)
  region size 2048K, 0 young (0K), 0 survivors (0K)
 Metaspace       used 78946K, committed 79616K, reserved 1122304K
  class space    used 10190K, committed 10496K, reserved 1048576K
}
Event: 41525.140 GC heap before
{Heap before GC invocations=190 (full 72):
 garbage-first heap   total 90112K, used 30936K [0x0000000701800000, 0x0000000800000000)
  region size 2048K, 1 young (2048K), 0 survivors (0K)
 Metaspace       used 78946K, committed 79616K, reserved 1122304K
  class space    used 10190K, committed 10496K, reserved 1048576K
}
Event: 41525.197 GC heap after
{Heap after GC invocations=191 (full 73):
 garbage-first heap   total 90112K, used 30833K [0x0000000701800000, 0x0000000800000000)
  region size 2048K, 0 young (0K), 0 survivors (0K)
 Metaspace       used 78946K, committed 79616K, reserved 1122304K
  class space    used 10190K, committed 10496K, reserved 1048576K
}
Event: 41525.484 GC heap before
{Heap before GC invocations=191 (full 73):
 garbage-first heap   total 90112K, used 30833K [0x0000000701800000, 0x0000000800000000)
  region size 2048K, 1 young (2048K), 0 survivors (0K)
 Metaspace       used 78946K, committed 79616K, reserved 1122304K
  class space    used 10190K, committed 10496K, reserved 1048576K
}
Event: 41525.544 GC heap after
{Heap after GC invocations=192 (full 74):
 garbage-first heap   total 90112K, used 30898K [0x0000000701800000, 0x0000000800000000)
  region size 2048K, 0 young (0K), 0 survivors (0K)
 Metaspace       used 78946K, committed 79616K, reserved 1122304K
  class space    used 10190K, committed 10496K, reserved 1048576K
}
Event: 41525.549 GC heap before
{Heap before GC invocations=192 (full 74):
 garbage-first heap   total 90112K, used 30898K [0x0000000701800000, 0x0000000800000000)
  region size 2048K, 1 young (2048K), 0 survivors (0K)
 Metaspace       used 78946K, committed 79616K, reserved 1122304K
  class space    used 10190K, committed 10496K, reserved 1048576K
}
Event: 41525.613 GC heap after
{Heap after GC invocations=193 (full 75):
 garbage-first heap   total 90112K, used 30754K [0x0000000701800000, 0x0000000800000000)
  region size 2048K, 0 young (0K), 0 survivors (0K)
 Metaspace       used 78946K, committed 79616K, reserved 1122304K
  class space    used 10190K, committed 10496K, reserved 1048576K
}
Event: 41525.711 GC heap before
{Heap before GC invocations=193 (full 75):
 garbage-first heap   total 90112K, used 30754K [0x0000000701800000, 0x0000000800000000)
  region size 2048K, 1 young (2048K), 0 survivors (0K)
 Metaspace       used 78946K, committed 79616K, reserved 1122304K
  class space    used 10190K, committed 10496K, reserved 1048576K
}
Event: 41525.777 GC heap after
{Heap after GC invocations=194 (full 76):
 garbage-first heap   total 90112K, used 30803K [0x0000000701800000, 0x0000000800000000)
  region size 2048K, 0 young (0K), 0 survivors (0K)
 Metaspace       used 78946K, committed 79616K, reserved 1122304K
  class space    used 10190K, committed 10496K, reserved 1048576K
}
Event: 41525.781 GC heap before
{Heap before GC invocations=194 (full 76):
 garbage-first heap   total 90112K, used 30803K [0x0000000701800000, 0x0000000800000000)
  region size 2048K, 1 young (2048K), 0 survivors (0K)
 Metaspace       used 78946K, committed 79616K, reserved 1122304K
  class space    used 10190K, committed 10496K, reserved 1048576K
}
Event: 41525.838 GC heap after
{Heap after GC invocations=195 (full 77):
 garbage-first heap   total 90112K, used 30754K [0x0000000701800000, 0x0000000800000000)
  region size 2048K, 0 young (0K), 0 survivors (0K)
 Metaspace       used 78946K, committed 79616K, reserved 1122304K
  class space    used 10190K, committed 10496K, reserved 1048576K
}
Event: 41526.267 GC heap before
{Heap before GC invocations=195 (full 77):
 garbage-first heap   total 90112K, used 32802K [0x0000000701800000, 0x0000000800000000)
  region size 2048K, 2 young (4096K), 0 survivors (0K)
 Metaspace       used 78949K, committed 79616K, reserved 1122304K
  class space    used 10191K, committed 10496K, reserved 1048576K
}
Event: 41526.326 GC heap after
{Heap after GC invocations=196 (full 78):
 garbage-first heap   total 90112K, used 30738K [0x0000000701800000, 0x0000000800000000)
  region size 2048K, 0 young (0K), 0 survivors (0K)
 Metaspace       used 78949K, committed 79616K, reserved 1122304K
  class space    used 10191K, committed 10496K, reserved 1048576K
}
Event: 41526.330 GC heap before
{Heap before GC invocations=196 (full 78):
 garbage-first heap   total 90112K, used 30738K [0x0000000701800000, 0x0000000800000000)
  region size 2048K, 1 young (2048K), 0 survivors (0K)
 Metaspace       used 78949K, committed 79616K, reserved 1122304K
  class space    used 10191K, committed 10496K, reserved 1048576K
}
Event: 41526.393 GC heap after
{Heap after GC invocations=197 (full 79):
 garbage-first heap   total 90112K, used 30689K [0x0000000701800000, 0x0000000800000000)
  region size 2048K, 0 young (0K), 0 survivors (0K)
 Metaspace       used 78949K, committed 79616K, reserved 1122304K
  class space    used 10191K, committed 10496K, reserved 1048576K
}
Event: 41527.233 GC heap before
{Heap before GC invocations=197 (full 79):
 garbage-first heap   total 90112K, used 32737K [0x0000000701800000, 0x0000000800000000)
  region size 2048K, 2 young (4096K), 0 survivors (0K)
 Metaspace       used 78955K, committed 79616K, reserved 1122304K
  class space    used 10192K, committed 10496K, reserved 1048576K
}
Event: 41527.300 GC heap after
{Heap after GC invocations=198 (full 80):
 garbage-first heap   total 90112K, used 30768K [0x0000000701800000, 0x0000000800000000)
  region size 2048K, 0 young (0K), 0 survivors (0K)
 Metaspace       used 78955K, committed 79616K, reserved 1122304K
  class space    used 10192K, committed 10496K, reserved 1048576K
}
Event: 41527.304 GC heap before
{Heap before GC invocations=198 (full 80):
 garbage-first heap   total 90112K, used 30768K [0x0000000701800000, 0x0000000800000000)
  region size 2048K, 1 young (2048K), 0 survivors (0K)
 Metaspace       used 78955K, committed 79616K, reserved 1122304K
  class space    used 10192K, committed 10496K, reserved 1048576K
}
Event: 41527.368 GC heap after
{Heap after GC invocations=199 (full 81):
 garbage-first heap   total 90112K, used 30708K [0x0000000701800000, 0x0000000800000000)
  region size 2048K, 0 young (0K), 0 survivors (0K)
 Metaspace       used 78955K, committed 79616K, reserved 1122304K
  class space    used 10192K, committed 10496K, reserved 1048576K
}

Deoptimization events (20 events):
Event: 41528.000 Thread 0x0000026806bd5b30 DEOPT PACKING pc=0x00000268752e968c sp=0x000000c25ecfd430
Event: 41528.000 Thread 0x0000026806bd5b30 DEOPT UNPACKING pc=0x0000026874682b43 sp=0x000000c25ecfc980 mode 1
Event: 41528.000 Thread 0x0000026806bd5b30 DEOPT PACKING pc=0x00000268755125ac sp=0x000000c25ecfd540
Event: 41528.000 Thread 0x0000026806bd5b30 DEOPT UNPACKING pc=0x0000026874682b43 sp=0x000000c25ecfc9e0 mode 1
Event: 41528.000 Thread 0x0000026806bd5b30 DEOPT PACKING pc=0x00000268752e968c sp=0x000000c25ecfd430
Event: 41528.000 Thread 0x0000026806bd5b30 DEOPT UNPACKING pc=0x0000026874682b43 sp=0x000000c25ecfc980 mode 1
Event: 41528.000 Thread 0x0000026806bd5b30 DEOPT PACKING pc=0x00000268755125ac sp=0x000000c25ecfd540
Event: 41528.000 Thread 0x0000026806bd5b30 DEOPT UNPACKING pc=0x0000026874682b43 sp=0x000000c25ecfc9e0 mode 1
Event: 41528.034 Thread 0x0000026806bd47f0 DEOPT PACKING pc=0x0000026874d4aeb4 sp=0x000000c25f2fd950
Event: 41528.034 Thread 0x0000026806bd47f0 DEOPT UNPACKING pc=0x0000026874682b43 sp=0x000000c25f2fce88 mode 1
Event: 41528.034 Thread 0x0000026806bd47f0 DEOPT PACKING pc=0x0000026874d4bdec sp=0x000000c25f2fda40
Event: 41528.034 Thread 0x0000026806bd47f0 DEOPT UNPACKING pc=0x0000026874682b43 sp=0x000000c25f2fcfd8 mode 1
Event: 41528.034 Thread 0x0000026806bd47f0 DEOPT PACKING pc=0x0000026874d4e54c sp=0x000000c25f2fdb90
Event: 41528.034 Thread 0x0000026806bd47f0 DEOPT UNPACKING pc=0x0000026874682b43 sp=0x000000c25f2fd160 mode 1
Event: 41528.036 Thread 0x0000026806bd47f0 DEOPT PACKING pc=0x0000026874d4aeb4 sp=0x000000c25f2fd960
Event: 41528.036 Thread 0x0000026806bd47f0 DEOPT UNPACKING pc=0x0000026874682b43 sp=0x000000c25f2fce98 mode 1
Event: 41528.036 Thread 0x0000026806bd47f0 DEOPT PACKING pc=0x0000026874d4bdec sp=0x000000c25f2fda50
Event: 41528.036 Thread 0x0000026806bd47f0 DEOPT UNPACKING pc=0x0000026874682b43 sp=0x000000c25f2fcfe8 mode 1
Event: 41528.036 Thread 0x0000026806bd47f0 DEOPT PACKING pc=0x0000026874d4e54c sp=0x000000c25f2fdba0
Event: 41528.036 Thread 0x0000026806bd47f0 DEOPT UNPACKING pc=0x0000026874682b43 sp=0x000000c25f2fd170 mode 1

Classes unloaded (20 events):
Event: 41238.139 Thread 0x00000268041990b0 Unloading class 0x0000000800a11000 'jdk/internal/reflect/GeneratedMethodAccessor155'
Event: 41238.139 Thread 0x00000268041990b0 Unloading class 0x0000000800a10c00 'jdk/internal/reflect/GeneratedMethodAccessor154'
Event: 41238.139 Thread 0x00000268041990b0 Unloading class 0x0000000800a10800 'jdk/internal/reflect/GeneratedMethodAccessor153'
Event: 41238.139 Thread 0x00000268041990b0 Unloading class 0x0000000800a10400 'jdk/internal/reflect/GeneratedMethodAccessor152'
Event: 41238.139 Thread 0x00000268041990b0 Unloading class 0x0000000800a10000 'jdk/internal/reflect/GeneratedMethodAccessor151'
Event: 41238.139 Thread 0x00000268041990b0 Unloading class 0x0000000800a0fc00 'jdk/internal/reflect/GeneratedMethodAccessor150'
Event: 41238.139 Thread 0x00000268041990b0 Unloading class 0x0000000800a0f800 'jdk/internal/reflect/GeneratedMethodAccessor149'
Event: 41238.139 Thread 0x00000268041990b0 Unloading class 0x0000000800a0f400 'jdk/internal/reflect/GeneratedMethodAccessor148'
Event: 41238.139 Thread 0x00000268041990b0 Unloading class 0x0000000800a0f000 'jdk/internal/reflect/GeneratedMethodAccessor147'
Event: 41238.139 Thread 0x00000268041990b0 Unloading class 0x0000000800a0ec00 'jdk/internal/reflect/GeneratedMethodAccessor146'
Event: 41238.139 Thread 0x00000268041990b0 Unloading class 0x0000000800a0e800 'jdk/internal/reflect/GeneratedMethodAccessor145'
Event: 41238.139 Thread 0x00000268041990b0 Unloading class 0x0000000800a0e000 'jdk/internal/reflect/GeneratedMethodAccessor144'
Event: 41238.139 Thread 0x00000268041990b0 Unloading class 0x0000000800930400 'jdk/internal/reflect/GeneratedMethodAccessor143'
Event: 41238.139 Thread 0x00000268041990b0 Unloading class 0x0000000800442400 'jdk/internal/reflect/GeneratedMethodAccessor142'
Event: 41238.139 Thread 0x00000268041990b0 Unloading class 0x0000000800335000 'jdk/internal/reflect/GeneratedMethodAccessor141'
Event: 41238.139 Thread 0x00000268041990b0 Unloading class 0x00000008001ea800 'jdk/internal/reflect/GeneratedMethodAccessor140'
Event: 41238.139 Thread 0x00000268041990b0 Unloading class 0x00000008001e9400 'jdk/internal/reflect/GeneratedMethodAccessor139'
Event: 41238.140 Thread 0x00000268041990b0 Unloading class 0x00000008009d1c00 'jdk/internal/reflect/GeneratedMethodAccessor138'
Event: 41238.140 Thread 0x00000268041990b0 Unloading class 0x0000000800a01400 'jdk/internal/reflect/GeneratedMethodAccessor137'
Event: 41505.753 Thread 0x00000268041990b0 Unloading class 0x0000000800a50000 'jdk/internal/reflect/GeneratedSerializationConstructorAccessor73'

Classes redefined (20 events):
Event: 667.622 Thread 0x00000268041990b0 redefined class name=com.pronaca.osoc.lecturaxml.loaderxml.impl.LeerXmlStream, count=1
Event: 667.622 Thread 0x00000268041990b0 redefined class name=com.pronaca.osoc.lecturaxml.loaderxml.impl.LeerXmlStream, count=2
Event: 40605.674 Thread 0x00000268041990b0 redefined class name=com.pronaca.osoc.lecturaxml.model.xml.Transaccion, count=1
Event: 40605.674 Thread 0x00000268041990b0 redefined class name=com.pronaca.osoc.lecturaxml.model.xml.Transaccion, count=1
Event: 40605.674 Thread 0x00000268041990b0 redefined class name=com.pronaca.osoc.lecturaxml.model.xml.Transaccion, count=1
Event: 41216.722 Thread 0x00000268041990b0 redefined class name=com.pronaca.osoc.lecturaxml.loaderxml.impl.LeerXmlStream, count=1
Event: 41216.722 Thread 0x00000268041990b0 redefined class name=com.pronaca.osoc.lecturaxml.loaderxml.impl.LeerXmlStream, count=2
Event: 41216.722 Thread 0x00000268041990b0 redefined class name=com.pronaca.osoc.lecturaxml.loaderxml.impl.LeerXmlStream, count=1
Event: 41216.722 Thread 0x00000268041990b0 redefined class name=com.pronaca.osoc.lecturaxml.loaderxml.impl.LeerXmlStream, count=3
Event: 41498.723 Thread 0x00000268041990b0 redefined class name=com.pronaca.osoc.lecturaxml.loaderxml.impl.LeerXmlStream, count=2
Event: 41498.723 Thread 0x00000268041990b0 redefined class name=com.pronaca.osoc.lecturaxml.loaderxml.impl.LeerXmlStream, count=3
Event: 41498.723 Thread 0x00000268041990b0 redefined class name=com.pronaca.osoc.lecturaxml.loaderxml.impl.LeerXmlStream, count=2
Event: 41498.723 Thread 0x00000268041990b0 redefined class name=com.pronaca.osoc.lecturaxml.loaderxml.impl.LeerXmlStream, count=1
Event: 41498.723 Thread 0x00000268041990b0 redefined class name=com.pronaca.osoc.lecturaxml.loaderxml.impl.LeerXmlStream, count=4
Event: 41548.773 Thread 0x00000268041990b0 redefined class name=com.pronaca.osoc.lecturaxml.loaderxml.impl.LeerXmlStream, count=1
Event: 41548.773 Thread 0x00000268041990b0 redefined class name=com.pronaca.osoc.lecturaxml.loaderxml.impl.LeerXmlStream, count=3
Event: 41548.773 Thread 0x00000268041990b0 redefined class name=com.pronaca.osoc.lecturaxml.loaderxml.impl.LeerXmlStream, count=4
Event: 41548.773 Thread 0x00000268041990b0 redefined class name=com.pronaca.osoc.lecturaxml.loaderxml.impl.LeerXmlStream, count=3
Event: 41548.773 Thread 0x00000268041990b0 redefined class name=com.pronaca.osoc.lecturaxml.loaderxml.impl.LeerXmlStream, count=2
Event: 41548.773 Thread 0x00000268041990b0 redefined class name=com.pronaca.osoc.lecturaxml.loaderxml.impl.LeerXmlStream, count=5

Internal exceptions (20 events):
Event: 41500.980 Thread 0x000002680bb74860 Exception <a 'java/lang/reflect/InvocationTargetException'{0x00000007066a1060}> (0x00000007066a1060) 
thrown [e:\jenkins\tmp\workspace\build\src\src\hotspot\share\runtime\reflection.cpp, line 1121]
Event: 41501.002 Thread 0x000002680bb74860 Exception <a 'java/lang/ClassNotFoundException'{0x00000007064102a8}: java/lang/ObjectCustomizer> (0x00000007064102a8) 
thrown [e:\jenkins\tmp\workspace\build\src\src\hotspot\share\classfile\systemDictionary.cpp, line 256]
Event: 41501.003 Thread 0x000002680bb74860 Exception <a 'java/lang/ClassNotFoundException'{0x000000070641aa00}: com/pronaca/osoc/lecturaxml/model/entities/DetalleCabeceraCustomizer> (0x000000070641aa00) 
thrown [e:\jenkins\tmp\workspace\build\src\src\hotspot\share\classfile\systemDictionary.cpp, line 256]
Event: 41501.005 Thread 0x000002680bb74860 Exception <a 'java/lang/ClassNotFoundException'{0x00000007064acac8}: java/lang/ObjectCustomizer> (0x00000007064acac8) 
thrown [e:\jenkins\tmp\workspace\build\src\src\hotspot\share\classfile\systemDictionary.cpp, line 256]
Event: 41501.006 Thread 0x000002680bb74860 Exception <a 'java/lang/ClassNotFoundException'{0x00000007064b7c60}: com/pronaca/osoc/lecturaxml/model/entities/CabeceraOrdenCustomizer> (0x00000007064b7c60) 
thrown [e:\jenkins\tmp\workspace\build\src\src\hotspot\share\classfile\systemDictionary.cpp, line 256]
Event: 41501.020 Thread 0x000002680bb74860 Exception <a 'java/lang/ClassNotFoundException'{0x0000000706388388}: java/lang/ObjectCustomizer> (0x0000000706388388) 
thrown [e:\jenkins\tmp\workspace\build\src\src\hotspot\share\classfile\systemDictionary.cpp, line 256]
Event: 41501.021 Thread 0x000002680bb74860 Exception <a 'java/lang/ClassNotFoundException'{0x0000000706393578}: com/pronaca/osoc/lecturaxml/model/entities/DimensionCustomizer> (0x0000000706393578) 
thrown [e:\jenkins\tmp\workspace\build\src\src\hotspot\share\classfile\systemDictionary.cpp, line 256]
Event: 41501.031 Thread 0x000002680bb74860 Exception <a 'java/lang/ClassNotFoundException'{0x00000007061a8950}: java/lang/ObjectCustomizer> (0x00000007061a8950) 
thrown [e:\jenkins\tmp\workspace\build\src\src\hotspot\share\classfile\systemDictionary.cpp, line 256]
Event: 41501.032 Thread 0x000002680bb74860 Exception <a 'java/lang/ClassNotFoundException'{0x00000007061b3aa0}: com/pronaca/osoc/lecturaxml/model/entities/BienCustomizer> (0x00000007061b3aa0) 
thrown [e:\jenkins\tmp\workspace\build\src\src\hotspot\share\classfile\systemDictionary.cpp, line 256]
Event: 41501.084 Thread 0x000002680bb74860 Exception <a 'java/lang/reflect/InvocationTargetException'{0x0000000705514678}> (0x0000000705514678) 
thrown [e:\jenkins\tmp\workspace\build\src\src\hotspot\share\runtime\reflection.cpp, line 1121]
Event: 41501.087 Thread 0x000002680bb74860 Exception <a 'java/lang/reflect/InvocationTargetException'{0x000000070552cac0}> (0x000000070552cac0) 
thrown [e:\jenkins\tmp\workspace\build\src\src\hotspot\share\runtime\reflection.cpp, line 1121]
Event: 41501.959 Thread 0x000002680712d4f0 Exception <a 'java/io/IOException'{0x0000000705d1d088}> (0x0000000705d1d088) 
thrown [e:\jenkins\tmp\workspace\build\src\src\hotspot\share\prims\jni.cpp, line 516]
Event: 41502.580 Thread 0x000002680712a000 Exception <a 'java/io/IOException'{0x0000000705967e18}> (0x0000000705967e18) 
thrown [e:\jenkins\tmp\workspace\build\src\src\hotspot\share\prims\jni.cpp, line 516]
Event: 41503.092 Thread 0x000002680712cb50 Exception <a 'java/io/IOException'{0x000000070545b910}> (0x000000070545b910) 
thrown [e:\jenkins\tmp\workspace\build\src\src\hotspot\share\prims\jni.cpp, line 516]
Event: 41506.477 Thread 0x000002680712a000 Exception <a 'java/io/IOException'{0x0000000706f375f8}> (0x0000000706f375f8) 
thrown [e:\jenkins\tmp\workspace\build\src\src\hotspot\share\prims\jni.cpp, line 516]
Event: 41513.754 Thread 0x000002680712a000 Exception <a 'java/io/IOException'{0x0000000706fb7a18}> (0x0000000706fb7a18) 
thrown [e:\jenkins\tmp\workspace\build\src\src\hotspot\share\prims\jni.cpp, line 516]
Event: 41525.920 Thread 0x0000026807127980 Exception <a 'java/io/IOException'{0x0000000706e62d08}> (0x0000000706e62d08) 
thrown [e:\jenkins\tmp\workspace\build\src\src\hotspot\share\prims\jni.cpp, line 516]
Event: 41526.498 Thread 0x000002680712cb50 Exception <a 'java/io/IOException'{0x0000000706e10e78}> (0x0000000706e10e78) 
thrown [e:\jenkins\tmp\workspace\build\src\src\hotspot\share\prims\jni.cpp, line 516]
Event: 41527.040 Thread 0x000002680712a000 Exception <a 'java/io/IOException'{0x0000000706c63160}> (0x0000000706c63160) 
thrown [e:\jenkins\tmp\workspace\build\src\src\hotspot\share\prims\jni.cpp, line 516]
Event: 41527.975 Thread 0x0000026807127980 Exception <a 'java/io/IOException'{0x0000000706f9db98}> (0x0000000706f9db98) 
thrown [e:\jenkins\tmp\workspace\build\src\src\hotspot\share\prims\jni.cpp, line 516]

VM Operations (20 events):
Event: 41528.433 Executing VM operation: get/set locals
Event: 41528.433 Executing VM operation: get/set locals done
Event: 41528.433 Executing VM operation: get/set locals
Event: 41528.433 Executing VM operation: get/set locals done
Event: 41528.433 Executing VM operation: get/set locals
Event: 41528.433 Executing VM operation: get/set locals done
Event: 41528.433 Executing VM operation: get/set locals
Event: 41528.433 Executing VM operation: get/set locals done
Event: 41528.434 Executing VM operation: get/set locals
Event: 41528.434 Executing VM operation: get/set locals done
Event: 41528.434 Executing VM operation: get/set locals
Event: 41528.434 Executing VM operation: get/set locals done
Event: 41528.434 Executing VM operation: get/set locals
Event: 41528.434 Executing VM operation: get/set locals done
Event: 41528.435 Executing VM operation: get/set locals
Event: 41528.435 Executing VM operation: get/set locals done
Event: 41528.435 Executing VM operation: get/set locals
Event: 41528.435 Executing VM operation: get/set locals done
Event: 41548.759 Executing VM operation: RedefineClasses
Event: 41548.797 Executing VM operation: RedefineClasses done

Events (20 events):
Event: 41525.839 Thread 0x000002680712a000 Thread added: 0x000002680712a000
Event: 41525.850 Thread 0x000002680712a000 Thread exited: 0x000002680712a000
Event: 41525.920 Thread 0x0000026807127980 Thread exited: 0x0000026807127980
Event: 41525.929 Thread 0x00000268056eddf0 Thread added: 0x00000268056eddf0
Event: 41525.932 Thread 0x0000026807126170 Thread added: 0x0000026807126170
Event: 41525.943 Thread 0x0000026807126170 Thread exited: 0x0000026807126170
Event: 41526.141 Thread 0x000002680712cb50 Thread added: 0x000002680712cb50
Event: 41526.498 Thread 0x0000026807126170 Thread added: 0x0000026807126170
Event: 41526.498 Thread 0x000002680712cb50 Thread exited: 0x000002680712cb50
Event: 41526.510 Thread 0x0000026807126170 Thread exited: 0x0000026807126170
Event: 41526.706 Thread 0x000002680712a000 Thread added: 0x000002680712a000
Event: 41527.041 Thread 0x000002680712a000 Thread exited: 0x000002680712a000
Event: 41527.368 Thread 0x0000026806bd0e30 Thread exited: 0x0000026806bd0e30
Event: 41527.369 Thread 0x000002680712cb50 Thread added: 0x000002680712cb50
Event: 41527.383 Thread 0x000002680712cb50 Thread exited: 0x000002680712cb50
Event: 41527.383 Thread 0x00000268056eddf0 Thread exited: 0x00000268056eddf0
Event: 41527.464 Thread 0x000002680712cb50 Thread added: 0x000002680712cb50
Event: 41527.475 Thread 0x000002680712cb50 Thread exited: 0x000002680712cb50
Event: 41527.659 Thread 0x0000026807127980 Thread added: 0x0000026807127980
Event: 41527.976 Thread 0x0000026807127980 Thread exited: 0x0000026807127980


Dynamic libraries:
0x00007ff6edd60000 - 0x00007ff6edd6e000 	D:\spring-tool-suite-4-4.15.1.RELEASE-e4.24.0-win32.win32.x86_64.self-extracting\sts-4.15.1.RELEASE\plugins\org.eclipse.justj.openjdk.hotspot.jre.full.win32.x86_64_17.0.3.v20220515-1416\jre\bin\javaw.exe
0x00007fff30c50000 - 0x00007fff30e48000 	C:\Windows\SYSTEM32\ntdll.dll
0x00007fff2f880000 - 0x00007fff2f93d000 	C:\Windows\System32\KERNEL32.DLL
0x00007fff2e730000 - 0x00007fff2e9fe000 	C:\Windows\System32\KERNELBASE.dll
0x00007fff03760000 - 0x00007fff03884000 	C:\Program Files\Bitdefender\Endpoint Security\atcuf\dlls_265968144989414722\atcuf64.dll
0x00007fff2e630000 - 0x00007fff2e730000 	C:\Windows\System32\ucrtbase.dll
0x00007fff0d070000 - 0x00007fff0d088000 	D:\spring-tool-suite-4-4.15.1.RELEASE-e4.24.0-win32.win32.x86_64.self-extracting\sts-4.15.1.RELEASE\plugins\org.eclipse.justj.openjdk.hotspot.jre.full.win32.x86_64_17.0.3.v20220515-1416\jre\bin\jli.dll
0x00007fff2ecd0000 - 0x00007fff2ee70000 	C:\Windows\System32\USER32.dll
0x00007fff2e510000 - 0x00007fff2e532000 	C:\Windows\System32\win32u.dll
0x00007fff30270000 - 0x00007fff3029a000 	C:\Windows\System32\GDI32.dll
0x00007fff2e370000 - 0x00007fff2e47b000 	C:\Windows\System32\gdi32full.dll
0x00007fff2e540000 - 0x00007fff2e5dd000 	C:\Windows\System32\msvcp_win.dll
0x00007fff0f360000 - 0x00007fff0f379000 	D:\spring-tool-suite-4-4.15.1.RELEASE-e4.24.0-win32.win32.x86_64.self-extracting\sts-4.15.1.RELEASE\plugins\org.eclipse.justj.openjdk.hotspot.jre.full.win32.x86_64_17.0.3.v20220515-1416\jre\bin\VCRUNTIME140.dll
0x00007ffeff550000 - 0x00007ffeff7ea000 	C:\Windows\WinSxS\amd64_microsoft.windows.common-controls_6595b64144ccf1df_6.0.19041.1110_none_60b5254171f9507e\COMCTL32.dll
0x00007fff2fa20000 - 0x00007fff2fabe000 	C:\Windows\System32\msvcrt.dll
0x00007fff307a0000 - 0x00007fff307d0000 	C:\Windows\System32\IMM32.DLL
0x00007fff0d180000 - 0x00007fff0d18c000 	D:\spring-tool-suite-4-4.15.1.RELEASE-e4.24.0-win32.win32.x86_64.self-extracting\sts-4.15.1.RELEASE\plugins\org.eclipse.justj.openjdk.hotspot.jre.full.win32.x86_64_17.0.3.v20220515-1416\jre\bin\vcruntime140_1.dll
0x00007fff0b060000 - 0x00007fff0b0f1000 	D:\spring-tool-suite-4-4.15.1.RELEASE-e4.24.0-win32.win32.x86_64.self-extracting\sts-4.15.1.RELEASE\plugins\org.eclipse.justj.openjdk.hotspot.jre.full.win32.x86_64_17.0.3.v20220515-1416\jre\bin\msvcp140.dll
0x00007ffedf5b0000 - 0x00007ffee01f8000 	D:\spring-tool-suite-4-4.15.1.RELEASE-e4.24.0-win32.win32.x86_64.self-extracting\sts-4.15.1.RELEASE\plugins\org.eclipse.justj.openjdk.hotspot.jre.full.win32.x86_64_17.0.3.v20220515-1416\jre\bin\server\jvm.dll
0x00007fff30b60000 - 0x00007fff30c0e000 	C:\Windows\System32\ADVAPI32.dll
0x00007fff30930000 - 0x00007fff309cc000 	C:\Windows\System32\sechost.dll
0x00007fff302a0000 - 0x00007fff303c5000 	C:\Windows\System32\RPCRT4.dll
0x00007fff309e0000 - 0x00007fff309e8000 	C:\Windows\System32\PSAPI.DLL
0x00007fff18ec0000 - 0x00007fff18ec9000 	C:\Windows\SYSTEM32\WSOCK32.dll
0x00007fff30460000 - 0x00007fff304cb000 	C:\Windows\System32\WS2_32.dll
0x00007fff1de50000 - 0x00007fff1de77000 	C:\Windows\SYSTEM32\WINMM.dll
0x00007fff1dfe0000 - 0x00007fff1dfea000 	C:\Windows\SYSTEM32\VERSION.dll
0x00007fff2c290000 - 0x00007fff2c2a2000 	C:\Windows\SYSTEM32\kernel.appcore.dll
0x00007fff2baf0000 - 0x00007fff2bafa000 	D:\spring-tool-suite-4-4.15.1.RELEASE-e4.24.0-win32.win32.x86_64.self-extracting\sts-4.15.1.RELEASE\plugins\org.eclipse.justj.openjdk.hotspot.jre.full.win32.x86_64_17.0.3.v20220515-1416\jre\bin\jimage.dll
0x00007fff1c730000 - 0x00007fff1c914000 	C:\Windows\SYSTEM32\DBGHELP.DLL
0x00007fff1c930000 - 0x00007fff1c95c000 	C:\Windows\SYSTEM32\dbgcore.DLL
0x00007fff2e480000 - 0x00007fff2e502000 	C:\Windows\System32\bcryptPrimitives.dll
0x00007fff0b3a0000 - 0x00007fff0b3db000 	D:\spring-tool-suite-4-4.15.1.RELEASE-e4.24.0-win32.win32.x86_64.self-extracting\sts-4.15.1.RELEASE\plugins\org.eclipse.justj.openjdk.hotspot.jre.full.win32.x86_64_17.0.3.v20220515-1416\jre\bin\jdwp.dll
0x00007fff1d050000 - 0x00007fff1d05e000 	D:\spring-tool-suite-4-4.15.1.RELEASE-e4.24.0-win32.win32.x86_64.self-extracting\sts-4.15.1.RELEASE\plugins\org.eclipse.justj.openjdk.hotspot.jre.full.win32.x86_64_17.0.3.v20220515-1416\jre\bin\instrument.dll
0x00007fff28f00000 - 0x00007fff28f25000 	D:\spring-tool-suite-4-4.15.1.RELEASE-e4.24.0-win32.win32.x86_64.self-extracting\sts-4.15.1.RELEASE\plugins\org.eclipse.justj.openjdk.hotspot.jre.full.win32.x86_64_17.0.3.v20220515-1416\jre\bin\java.dll
0x00007fff121c0000 - 0x00007fff121d8000 	D:\spring-tool-suite-4-4.15.1.RELEASE-e4.24.0-win32.win32.x86_64.self-extracting\sts-4.15.1.RELEASE\plugins\org.eclipse.justj.openjdk.hotspot.jre.full.win32.x86_64_17.0.3.v20220515-1416\jre\bin\zip.dll
0x00007fff2fac0000 - 0x00007fff30204000 	C:\Windows\System32\SHELL32.dll
0x00007fff2c490000 - 0x00007fff2cc24000 	C:\Windows\SYSTEM32\windows.storage.dll
0x00007fff2f520000 - 0x00007fff2f874000 	C:\Windows\System32\combase.dll
0x00007fff2dd00000 - 0x00007fff2dd30000 	C:\Windows\SYSTEM32\Wldp.dll
0x00007fff2f470000 - 0x00007fff2f51d000 	C:\Windows\System32\SHCORE.dll
0x00007fff309f0000 - 0x00007fff30a45000 	C:\Windows\System32\shlwapi.dll
0x00007fff2e2b0000 - 0x00007fff2e2cf000 	C:\Windows\SYSTEM32\profapi.dll
0x00007fff0d150000 - 0x00007fff0d15c000 	D:\spring-tool-suite-4-4.15.1.RELEASE-e4.24.0-win32.win32.x86_64.self-extracting\sts-4.15.1.RELEASE\plugins\org.eclipse.justj.openjdk.hotspot.jre.full.win32.x86_64_17.0.3.v20220515-1416\jre\bin\dt_socket.dll
0x00007fff2d750000 - 0x00007fff2d78b000 	C:\Windows\SYSTEM32\IPHLPAPI.DLL
0x00007fff2da60000 - 0x00007fff2daca000 	C:\Windows\system32\mswsock.dll
0x00007fff2d790000 - 0x00007fff2d85b000 	C:\Windows\SYSTEM32\DNSAPI.dll
0x00007fff308a0000 - 0x00007fff308a8000 	C:\Windows\System32\NSI.dll
0x00007fff20c60000 - 0x00007fff20c6a000 	C:\Windows\System32\rasadhlp.dll
0x00007fff20c80000 - 0x00007fff20d00000 	C:\Windows\System32\fwpuclnt.dll
0x00007fff2eab0000 - 0x00007fff2ead7000 	C:\Windows\System32\bcrypt.dll
0x00007fff11e30000 - 0x00007fff11e49000 	D:\spring-tool-suite-4-4.15.1.RELEASE-e4.24.0-win32.win32.x86_64.self-extracting\sts-4.15.1.RELEASE\plugins\org.eclipse.justj.openjdk.hotspot.jre.full.win32.x86_64_17.0.3.v20220515-1416\jre\bin\net.dll
0x00007fff215d0000 - 0x00007fff216da000 	C:\Windows\SYSTEM32\WINHTTP.dll
0x00007fff0f410000 - 0x00007fff0f425000 	D:\spring-tool-suite-4-4.15.1.RELEASE-e4.24.0-win32.win32.x86_64.self-extracting\sts-4.15.1.RELEASE\plugins\org.eclipse.justj.openjdk.hotspot.jre.full.win32.x86_64_17.0.3.v20220515-1416\jre\bin\nio.dll
0x00007fff0d140000 - 0x00007fff0d149000 	D:\spring-tool-suite-4-4.15.1.RELEASE-e4.24.0-win32.win32.x86_64.self-extracting\sts-4.15.1.RELEASE\plugins\org.eclipse.justj.openjdk.hotspot.jre.full.win32.x86_64_17.0.3.v20220515-1416\jre\bin\management.dll
0x00007fff0d0c0000 - 0x00007fff0d0cb000 	D:\spring-tool-suite-4-4.15.1.RELEASE-e4.24.0-win32.win32.x86_64.self-extracting\sts-4.15.1.RELEASE\plugins\org.eclipse.justj.openjdk.hotspot.jre.full.win32.x86_64_17.0.3.v20220515-1416\jre\bin\management_ext.dll
0x00007fff12930000 - 0x00007fff12947000 	C:\Windows\system32\napinsp.dll
0x00007fff128e0000 - 0x00007fff128fb000 	C:\Windows\system32\pnrpnsp.dll
0x00007fff12830000 - 0x00007fff12845000 	C:\Windows\system32\wshbth.dll
0x00007fff29d80000 - 0x00007fff29d9d000 	C:\Windows\system32\NLAapi.dll
0x00007fff124c0000 - 0x00007fff124d2000 	C:\Windows\System32\winrnr.dll
0x00007fff2dc60000 - 0x00007fff2dc78000 	C:\Windows\SYSTEM32\CRYPTSP.dll
0x00007fff2d3e0000 - 0x00007fff2d414000 	C:\Windows\system32\rsaenh.dll
0x00007fff2e270000 - 0x00007fff2e29e000 	C:\Windows\SYSTEM32\USERENV.dll
0x00007fff2dc50000 - 0x00007fff2dc5c000 	C:\Windows\SYSTEM32\CRYPTBASE.dll
0x00007fff28590000 - 0x00007fff285a7000 	C:\Windows\SYSTEM32\dhcpcsvc6.DLL
0x00007fff28570000 - 0x00007fff2858d000 	C:\Windows\SYSTEM32\dhcpcsvc.DLL
0x00007fff29f30000 - 0x00007fff29f40000 	D:\spring-tool-suite-4-4.15.1.RELEASE-e4.24.0-win32.win32.x86_64.self-extracting\sts-4.15.1.RELEASE\plugins\org.eclipse.justj.openjdk.hotspot.jre.full.win32.x86_64_17.0.3.v20220515-1416\jre\bin\verify.dll
0x00007fff0f3c0000 - 0x00007fff0f3ce000 	D:\spring-tool-suite-4-4.15.1.RELEASE-e4.24.0-win32.win32.x86_64.self-extracting\sts-4.15.1.RELEASE\plugins\org.eclipse.justj.openjdk.hotspot.jre.full.win32.x86_64_17.0.3.v20220515-1416\jre\bin\sunmscapi.dll
0x00007fff2eb50000 - 0x00007fff2eca6000 	C:\Windows\System32\CRYPT32.dll
0x00007fff2dd70000 - 0x00007fff2dd97000 	C:\Windows\SYSTEM32\ncrypt.dll
0x00007fff2dd30000 - 0x00007fff2dd6b000 	C:\Windows\SYSTEM32\NTASN1.dll
0x00007fff0b340000 - 0x00007fff0b347000 	C:\Windows\system32\wshunix.dll

dbghelp: loaded successfully - version: 4.0.5 - missing functions: none
symbol engine: initialized successfully - sym options: 0x614 - pdb path: .;D:\spring-tool-suite-4-4.15.1.RELEASE-e4.24.0-win32.win32.x86_64.self-extracting\sts-4.15.1.RELEASE\plugins\org.eclipse.justj.openjdk.hotspot.jre.full.win32.x86_64_17.0.3.v20220515-1416\jre\bin;C:\Windows\SYSTEM32;C:\Program Files\Bitdefender\Endpoint Security\atcuf\dlls_265968144989414722;C:\Windows\WinSxS\amd64_microsoft.windows.common-controls_6595b64144ccf1df_6.0.19041.1110_none_60b5254171f9507e;D:\spring-tool-suite-4-4.15.1.RELEASE-e4.24.0-win32.win32.x86_64.self-extracting\sts-4.15.1.RELEASE\plugins\org.eclipse.justj.openjdk.hotspot.jre.full.win32.x86_64_17.0.3.v20220515-1416\jre\bin\server

VM Arguments:
jvm_args: -XX:+ShowCodeDetailsInExceptionMessages -agentlib:jdwp=transport=dt_socket,suspend=y,address=localhost:65278 -Dcom.sun.management.jmxremote -Dcom.sun.management.jmxremote.port=65277 -Dcom.sun.management.jmxremote.authenticate=false -Dcom.sun.management.jmxremote.ssl=false -Djava.rmi.server.hostname=localhost -Dspring.jmx.enabled=true -Dspring.application.admin.enabled=true -XX:TieredStopAtLevel=1 -Dspring.boot.project.name=api-osoc-lecturaxml -javaagent:D:\spring-tool-suite-4-4.15.1.RELEASE-e4.24.0-win32.win32.x86_64.self-extracting\sts-4.15.1.RELEASE\configuration\org.eclipse.osgi\258\0\.cp\lib\javaagent-shaded.jar -Dfile.encoding=UTF-8 
java_command: com.pronaca.osoc.lecturaxml.ApiOsocLecturaxmlApplication --spring.output.ansi.enabled=always
java_class_path (initial): D:\Proyectos\Pronaca\api-osoc-lecturaxml\bin\main;C:\Users\bayteq\.gradle\caches\modules-2\files-2.1\org.springframework.boot\spring-boot-starter-data-jpa\2.6.9\c9e0dc1712fdd1e8fab357e0446e36b2ea334932\spring-boot-starter-data-jpa-2.6.9.jar;C:\Users\bayteq\.gradle\caches\modules-2\files-2.1\org.springframework.boot\spring-boot-starter-jdbc\2.6.9\22253341a9af587b86528384a0ed63554135647e\spring-boot-starter-jdbc-2.6.9.jar;C:\Users\bayteq\.gradle\caches\modules-2\files-2.1\org.springframework.boot\spring-boot-starter-web\2.6.9\5e7b4f48950c28be544641924a32f682edc9ab2e\spring-boot-starter-web-2.6.9.jar;C:\Users\bayteq\.gradle\caches\modules-2\files-2.1\com.jcraft\jsch\0.1.55\bbd40e5aa7aa3cfad5db34965456cee738a42a50\jsch-0.1.55.jar;C:\Users\bayteq\.gradle\caches\modules-2\files-2.1\org.springframework.boot\spring-boot-starter-aop\2.6.9\774b3b248676210caaf87ec77e9a494d8545b7ae\spring-boot-starter-aop-2.6.9.jar;C:\Users\bayteq\.gradle\caches\modules-2\files-2.1\jakarta.transaction\jakarta.transaction-api\1.3.3\c4179d48720a1e87202115fbed6089bdc4195405\jakarta.transaction-api-1.3.3.jar;C:\Users\bayteq\.gradle\caches\modules-2\files-2.1\jakarta.persistence\jakarta.persistence-api\2.2.3\8f6ea5daedc614f07a3654a455660145286f024e\jakarta.persistence-api-2.2.3.jar;C:\Users\bayteq\.gradle\caches\modules-2\files-2.1\org.hibernate\hibernate-core\5.6.9.Final\8ec2c7b13de2fbcb19feddfb3a30932bb6a8228a\hibernate-core-5.6.9.Final.jar;C:\Users\bayteq\.gradle\caches\modules-2\files-2.1\org.springframework.data\spring-data-jpa\2.6.5\f6a1c9baea0871f9cbae51b767f5c0405f1ba2ec\spring-data-jpa-2.6.5.jar;C:\Users\bayteq\.gradle\caches\modules-2\files-2.1\org.springframework\spring-aspects\5.3.21\9e8271b86c5be0388c2c34f2c5c3d070af06cd2\spring-aspects-5.3.21.jar;C:\Users\bayteq\.gradle\caches\modules-2\files-2.1\org.springframework.boot\spring-boot-starter-json\2.6.9\f48a152dc5b8b8c67e4affdda7609266ff82c143\spring-boot-starter-json-2.6.9.jar;C:\Users\bayteq\.gradle\caches\
Launcher Type: SUN_STANDARD

[Global flags]
     intx CICompilerCount                          = 4                                         {product} {ergonomic}
     uint ConcGCThreads                            = 2                                         {product} {ergonomic}
     uint G1ConcRefinementThreads                  = 8                                         {product} {ergonomic}
   size_t G1HeapRegionSize                         = 2097152                                   {product} {ergonomic}
    uintx GCDrainStackTargetSize                   = 64                                        {product} {ergonomic}
   size_t InitialHeapSize                          = 268435456                                 {product} {ergonomic}
     bool ManagementServer                         = true                                      {product} {command line}
   size_t MarkStackSize                            = 4194304                                   {product} {ergonomic}
   size_t MaxHeapSize                              = 4269801472                                {product} {ergonomic}
   size_t MaxNewSize                               = 2560622592                                {product} {ergonomic}
   size_t MinHeapDeltaBytes                        = 2097152                                   {product} {ergonomic}
   size_t MinHeapSize                              = 8388608                                   {product} {ergonomic}
    uintx NonProfiledCodeHeapSize                  = 0                                      {pd product} {ergonomic}
     bool ProfileInterpreter                       = false                                  {pd product} {command line}
    uintx ProfiledCodeHeapSize                     = 0                                      {pd product} {ergonomic}
     bool ShowCodeDetailsInExceptionMessages       = true                                   {manageable} {command line}
   size_t SoftMaxHeapSize                          = 4269801472                             {manageable} {ergonomic}
     intx TieredStopAtLevel                        = 1                                         {product} {command line}
     bool UseCompressedClassPointers               = true                           {product lp64_product} {ergonomic}
     bool UseCompressedOops                        = true                           {product lp64_product} {ergonomic}
     bool UseG1GC                                  = true                                      {product} {ergonomic}
     bool UseLargePagesIndividualAllocation        = false                                  {pd product} {ergonomic}

Logging:
Log output configuration:
 #0: stdout all=warning uptime,level,tags
 #1: stderr all=off uptime,level,tags

Environment Variables:
JAVA_HOME=C:\Program Files\Java\jdk1.8.0_202
PATH=D:\spring-tool-suite-4-4.15.1.RELEASE-e4.24.0-win32.win32.x86_64.self-extracting\sts-4.15.1.RELEASE\plugins\org.eclipse.justj.openjdk.hotspot.jre.full.win32.x86_64_17.0.3.v20220515-1416\jre\bin;D:/spring-tool-suite-4-4.15.1.RELEASE-e4.24.0-win32.win32.x86_64.self-extracting/sts-4.15.1.RELEASE//plugins/org.eclipse.justj.openjdk.hotspot.jre.full.win32.x86_64_17.0.3.v20220515-1416/jre/bin/server;D:/spring-tool-suite-4-4.15.1.RELEASE-e4.24.0-win32.win32.x86_64.self-extracting/sts-4.15.1.RELEASE//plugins/org.eclipse.justj.openjdk.hotspot.jre.full.win32.x86_64_17.0.3.v20220515-1416/jre/bin;C:\Users\bayteq\Documents\oracle\bin;C:\Program Files (x86)\Common Files\Oracle\Java\javapath;C:\Windows\system32;C:\Windows;C:\Windows\System32\Wbem;C:\Windows\System32\WindowsPowerShell\v1.0\;C:\Windows\System32\OpenSSH\;C:\Program Files\Git\cmd;C:\Program Files\TortoiseGit\bin;C:\Program Files (x86)\Microsoft SQL Server\150\DTS\Binn\;C:\Program Files\Azure Data Studio\bin;C:\Program Files\PuTTY\;C:\wamp64\bin\php\php8.0.13;C:\ProgramData\ComposerSetup\bin;C:\Users\bayteq\AppData\Local\Microsoft\WindowsApps;;C:\Users\bayteq\AppData\Local\Programs\Microsoft VS Code\bin;C:\Program Files\Azure Data Studio\bin;C:\Users\bayteq\AppData\Roaming\Composer\vendor\bin;D:\spring-tool-suite-4-4.15.1.RELEASE-e4.24.0-win32.win32.x86_64.self-extracting\sts-4.15.1.RELEASE;
USERNAME=bayteq
OS=Windows_NT
PROCESSOR_IDENTIFIER=Intel64 Family 6 Model 58 Stepping 9, GenuineIntel



---------------  S Y S T E M  ---------------

OS:
 Windows 10 , 64 bit Build 19041 (10.0.19041.1806)
OS uptime: 4 days 2:01 hours

CPU: total 8 (initial active 8) (4 cores per cpu, 2 threads per core) family 6 model 58 stepping 9 microcode 0x21, cx8, cmov, fxsr, ht, mmx, sse, sse2, sse3, ssse3, sse4.1, sse4.2, popcnt, tsc, tscinvbit, avx, aes, erms, clmul, vzeroupper, clflush

Memory: 4k page, system-wide physical 16283M (3599M free)
TotalPageFile size 28612M (AvailPageFile size 4157M)
current process WorkingSet (physical memory assigned to process): 262M, peak: 291M
current process commit charge ("private bytes"): 307M, peak: 381M

vm_info: OpenJDK 64-Bit Server VM (17.0.3+7) for windows-amd64 JRE (17.0.3+7), built on Apr 19 2022 16:55:35 by "" with MS VC++ 16.7 (VS2019)

END.
