#
# A fatal error has been detected by the Java Runtime Environment:
#
#  EXCEPTION_ACCESS_VIOLATION (0xc0000005) at pc=0x00007ffb5cb6e32a, pid=18172, tid=5596
#
# JRE version: OpenJDK Runtime Environment Temurin-17.0.3+7 (17.0.3+7) (build 17.0.3+7)
# Java VM: OpenJDK 64-Bit Server VM Temurin-17.0.3+7 (17.0.3+7, mixed mode, emulated-client, tiered, compressed oops, compressed class ptrs, g1 gc, windows-amd64)
# Problematic frame:
# V  [jvm.dll+0x79e32a]
#
# No core dump will be written. Minidumps are not enabled by default on client versions of Windows
#
# If you would like to submit a bug report, please visit:
#   https://github.com/adoptium/adoptium-support/issues
#

---------------  S U M M A R Y ------------

Command Line: -XX:+ShowCodeDetailsInExceptionMessages -agentlib:jdwp=transport=dt_socket,suspend=y,address=localhost:56880 -Dcom.sun.management.jmxremote -Dcom.sun.management.jmxremote.port=56879 -Dcom.sun.management.jmxremote.authenticate=false -Dcom.sun.management.jmxremote.ssl=false -Djava.rmi.server.hostname=localhost -Dspring.jmx.enabled=true -Dspring.application.admin.enabled=true -XX:TieredStopAtLevel=1 -Dspring.boot.project.name=api-osoc-lecturaxml -javaagent:D:\spring-tool-suite-4-4.15.1.RELEASE-e4.24.0-win32.win32.x86_64.self-extracting\sts-4.15.1.RELEASE\configuration\org.eclipse.osgi\258\0\.cp\lib\javaagent-shaded.jar -Dfile.encoding=UTF-8 com.pronaca.osoc.lecturaxml.ApiOsocLecturaxmlApplication --spring.output.ansi.enabled=always

Host: Intel(R) Core(TM) i7-3770 CPU @ 3.40GHz, 8 cores, 15G,  Windows 10 , 64 bit Build 19041 (10.0.19041.1806)
Time: Tue Jul 26 15:58:49 2022 Hora est. Pacífico, Sudamérica elapsed time: 726.609726 seconds (0d 0h 12m 6s)

---------------  T H R E A D  ---------------

Current thread (0x000001f015ac8f60):  JavaThread "JDWP Transport Listener: dt_socket" daemon [_thread_in_vm, id=5596, stack(0x000000edf1500000,0x000000edf1600000)]

Stack: [0x000000edf1500000,0x000000edf1600000],  sp=0x000000edf15ff850,  free space=1022k
Native frames: (J=compiled Java code, j=interpreted, Vv=VM code, C=native code)
V  [jvm.dll+0x79e32a]
V  [jvm.dll+0x5088cc]
V  [jvm.dll+0x4cff34]
C  [jdwp.dll+0x22dff]


siginfo: EXCEPTION_ACCESS_VIOLATION (0xc0000005), reading address 0x00000000009a009d


Register to memory mapping:

RIP=0x00007ffb5cb6e32a jvm.dll
RAX=0x00000000000000b3 is an unknown value
RBX=0x000001f0158f177e points into unknown readable memory: 72 61
RCX=0x00000000009a0099 is an unknown value
RDX=0x000001f0198937e0 points into unknown readable memory: 0x6f72702f6d6f634c | 4c 63 6f 6d 2f 70 72 6f
RSP=0x000000edf15ff850 is pointing into the stack for thread: 0x000001f015ac8f60
RBP=0x000001f015abbf10 points into unknown readable memory: 0x0000000000000002 | 02 00 00 00 00 00 00 00
RSI=0x0 is NULL
RDI=0xffffffffffffffff is an unknown value
R8 =0x0000000000000002 is an unknown value
R9 =0x0 is NULL
R10=0x000000000000004c is an unknown value
R11=0x000000edf15ff870 is pointing into the stack for thread: 0x000001f015ac8f60
R12=0x000000edf15ff9a8 is pointing into the stack for thread: 0x000001f015ac8f60
R13=0x0 is NULL
R14=0x0000000800363360 is a pointer to class: 
com.pronaca.osoc.lecturaxml.view.servicexml.impl.AplicaPromocionServiceImpl {0x0000000800363368}
 - instance size:     6
 - klass size:        91
 - access:            public synchronized 
 - state:             fully_initialized
 - name:              'com/pronaca/osoc/lecturaxml/view/servicexml/impl/AplicaPromocionServiceImpl'
 - super:             'com/pronaca/osoc/lecturaxml/view/servicexml/impl/ServiceXmlGeneric'
 - sub:               'com/pronaca/osoc/lecturaxml/view/servicexml/impl/AplicaPromocionServiceImpl$$EnhancerBySpringCGLIB$$7189b4'   
 - arrays:            NULL
 - methods:           Array<T>(0x000001f01c308d28)
 - method ordering:   Array<T>(0x000001f01c309368)
 - default_methods:   Array<T>(0x0000000000000000)
 - local interfaces:  Array<T>(0x000001f018d1d738)
 - trans. interfaces: Array<T>(0x000001f018d20338)
 - constants:         constant pool [203]/operands[7] {0x000001f01c30a2c8} for 'com/pronaca/osoc/lecturaxml/view/servicexml/impl/AplicaPromocionServiceImpl' cache=0x000001f01c30aa18
 - class loader data:  loader data: 0x000001f017513bb0 for instance a 'org/springframework/boot/devtools/restart/classloader/RestartClassLoader'{0x0000000702458158}
 - source file:       'AplicaPromocionServiceImpl.java'
 - source debug extension:       SMAP
AplicaPromocionServiceImpl.java
Java
*S jdt
*F
1 AplicaPromocionServiceImpl.java
2 file:/D:/Proyectos/Pronaca/api-osoc-lecturaxml/bin/main/
*L
*E

 - class annotations:       Array<T>(0x000001f01c309300)
 - class type annotations:  Array<T>(0x0000000000000000)
 - field annotations:       Array<T>(0x000001f01c308ca8)
 - field type annotations:  Array<T>(0x0000000000000000)
 - generic signature: '
[error occurred during error reporting (printing register info), id 0xc0000005, EXCEPTION_ACCESS_VIOLATION (0xc0000005) at pc=0x00007ffb5cb6ef36]

Registers:
RAX=0x00000000000000b3, RBX=0x000001f0158f177e, RCX=0x00000000009a0099, RDX=0x000001f0198937e0
RSP=0x000000edf15ff850, RBP=0x000001f015abbf10, RSI=0x0000000000000000, RDI=0xffffffffffffffff
R8 =0x0000000000000002, R9 =0x0000000000000000, R10=0x000000000000004c, R11=0x000000edf15ff870
R12=0x000000edf15ff9a8, R13=0x0000000000000000, R14=0x0000000800363360, R15=0x000000edf15ff9d0
RIP=0x00007ffb5cb6e32a, EFLAGS=0x0000000000010206

Top of Stack: (sp=0x000000edf15ff850)
0x000000edf15ff850:   000000000000004b 0000000800363360
0x000000edf15ff860:   000001f0167b8dc0 00007ffbad0147b1
0x000000edf15ff870:   ffffffffffffffff 00007ffb5c8d88cc
0x000000edf15ff880:   000001f0158f177e 000001f0158f1730
0x000000edf15ff890:   000001f015abbf10 0000000000000000
0x000000edf15ff8a0:   000001f0158f16d0 00000000000003d8
0x000000edf15ff8b0:   000001f0158f16e0 000001f0158f1ab8
0x000000edf15ff8c0:   0000000000018d01 000000edf15ff9a8
0x000000edf15ff8d0:   0000000000000007 000001f015ac9208
0x000000edf15ff8e0:   00000007020a0260 00007ffb5c89ff34
0x000000edf15ff8f0:   000001f015ac8f60 000000edf15ff9d0
0x000000edf15ff900:   000001f0025994d0 000000edf15ff9d0
0x000000edf15ff910:   000001f015ac8f60 0000000000000000
0x000000edf15ff920:   0000000000000000 0000000000000000
0x000000edf15ff930:   000001f015ad4e98 00007ffb7a2f2dff
0x000000edf15ff940:   000000edf15ff9c8 00007ffb7a301aa0 

Instructions: (pc=0x00007ffb5cb6e32a)
0x00007ffb5cb6e22a:   48 83 c4 20 5f e9 bc 80 90 ff cc cc cc cc cc cc
0x00007ffb5cb6e23a:   cc cc cc cc cc cc 48 89 5c 24 08 57 48 83 ec 20
0x00007ffb5cb6e24a:   83 fa 02 8d 42 06 b9 08 00 00 00 49 8b d8 0f 4e
0x00007ffb5cb6e25a:   c1 48 63 c8 48 83 c1 07 83 e1 f8 48 63 f9 49 8b
0x00007ffb5cb6e26a:   48 18 48 8b c7 48 f7 d0 48 3b c1 73 16 4c 8d 05
0x00007ffb5cb6e27a:   4a 50 17 00 48 8b d7 48 8b cb e8 c7 e3 90 ff 48
0x00007ffb5cb6e28a:   8b 4b 18 48 8d 04 39 48 3b 43 20 76 18 45 33 c0
0x00007ffb5cb6e29a:   48 8b d7 48 8b cb 48 8b 5c 24 30 48 83 c4 20 5f
0x00007ffb5cb6e2aa:   e9 21 e0 90 ff 48 89 43 18 48 8b c1 48 8b 5c 24
0x00007ffb5cb6e2ba:   30 48 83 c4 20 5f c3 cc cc cc cc cc cc cc cc cc
0x00007ffb5cb6e2ca:   cc cc cc cc cc cc 4c 8b d2 4c 8b d9 45 85 c0 7e
0x00007ffb5cb6e2da:   3c 44 0f b7 49 04 41 8d 40 ff 41 3b c1 44 0f 4c
0x00007ffb5cb6e2ea:   c8 4d 63 c1 45 85 c9 7e 1f 48 8b c2 4c 2b da 49
0x00007ffb5cb6e2fa:   8b d0 0f 1f 40 00 41 0f b6 4c 03 06 88 08 48 8d
0x00007ffb5cb6e30a:   40 01 48 83 ea 01 75 ee 43 c6 04 10 00 49 8b c2
0x00007ffb5cb6e31a:   c3 cc cc cc cc cc 48 89 5c 24 08 57 48 83 ec 20
0x00007ffb5cb6e32a:   0f b7 59 04 48 8b f9 33 d2 48 8d 4b 01 e8 a4 dc
0x00007ffb5cb6e33a:   f2 ff 0f b7 57 04 4c 8b c0 3b da 0f 42 d3 44 8b
0x00007ffb5cb6e34a:   ca 85 d2 74 39 48 2b f8 0f 1f 40 00 66 66 0f 1f
0x00007ffb5cb6e35a:   84 00 00 00 00 00 0f b6 4c 07 06 88 08 48 ff c0
0x00007ffb5cb6e36a:   48 8b c8 49 2b c8 49 3b c9 7c eb 42 c6 04 02 00
0x00007ffb5cb6e37a:   49 8b c0 48 8b 5c 24 30 48 83 c4 20 5f c3 48 8b
0x00007ffb5cb6e38a:   5c 24 30 c6 04 02 00 48 83 c4 20 5f c3 cc cc cc
0x00007ffb5cb6e39a:   cc cc cc cc cc cc 4c 8b d1 45 85 c0 7e 6c 44 0f
0x00007ffb5cb6e3aa:   b7 49 04 41 8d 40 ff 41 3b c1 44 0f 4c c8 4d 63
0x00007ffb5cb6e3ba:   d9 45 85 c9 7e 22 48 8b ca 4c 2b d2 4d 8b c3 0f
0x00007ffb5cb6e3ca:   1f 80 00 00 00 00 41 0f b6 44 0a 06 88 01 48 8d
0x00007ffb5cb6e3da:   49 01 49 83 e8 01 75 ee 41 c6 04 13 00 48 c7 c0
0x00007ffb5cb6e3ea:   ff ff ff ff 66 90 48 ff c0 80 3c 02 00 75 f7 48
0x00007ffb5cb6e3fa:   63 c8 85 c0 48 8b c2 7e 14 80 38 2f 75 03 c6 00
0x00007ffb5cb6e40a:   2e 48 ff c0 48 83 e9 01 75 ef 48 8b c2 c3 cc cc
0x00007ffb5cb6e41a:   cc cc cc cc cc cc 48 83 ec 28 e8 f7 fe ff ff 4c 


Stack slot to memory mapping:
stack at sp + 0 slots: 0x000000000000004b is an unknown value
stack at sp + 1 slots: 0x0000000800363360 is a pointer to class: 
com.pronaca.osoc.lecturaxml.view.servicexml.impl.AplicaPromocionServiceImpl {0x0000000800363368}
 - instance size:     6
 - klass size:        91
 - access:            public synchronized 
 - state:             fully_initialized
 - name:              'com/pronaca/osoc/lecturaxml/view/servicexml/impl/AplicaPromocionServiceImpl'
 - super:             'com/pronaca/osoc/lecturaxml/view/servicexml/impl/ServiceXmlGeneric'
 - sub:               'com/pronaca/osoc/lecturaxml/view/servicexml/impl/AplicaPromocionServiceImpl$$EnhancerBySpringCGLIB$$7189b4'   
 - arrays:            NULL
 - methods:           Array<T>(0x000001f01c308d28)
 - method ordering:   Array<T>(0x000001f01c309368)
 - default_methods:   Array<T>(0x0000000000000000)
 - local interfaces:  Array<T>(0x000001f018d1d738)
 - trans. interfaces: Array<T>(0x000001f018d20338)
 - constants:         constant pool [203]/operands[7] {0x000001f01c30a2c8} for 'com/pronaca/osoc/lecturaxml/view/servicexml/impl/AplicaPromocionServiceImpl' cache=0x000001f01c30aa18
 - class loader data:  loader data: 0x000001f017513bb0 for instance a 'org/springframework/boot/devtools/restart/classloader/RestartClassLoader'{0x0000000702458158}
 - source file:       'AplicaPromocionServiceImpl.java'
 - source debug extension:       SMAP
AplicaPromocionServiceImpl.java
Java
*S jdt
*F
1 AplicaPromocionServiceImpl.java
2 file:/D:/Proyectos/Pronaca/api-osoc-lecturaxml/bin/main/
*L
*E

 - class annotations:       Array<T>(0x000001f01c309300)
 - class type annotations:  Array<T>(0x0000000000000000)
 - field annotations:       Array<T>(0x000001f01c308ca8)
 - field type annotations:  Array<T>(0x0000000000000000)
 - generic signature: '
[error occurred during error reporting (inspecting top of stack), id 0xc0000005, EXCEPTION_ACCESS_VIOLATION (0xc0000005) at pc=0x00007ffb5cb6ef36]


---------------  P R O C E S S  ---------------

Threads class SMR info:
_java_thread_list=0x000001f0179d71f0, length=45, elements={
0x000001f01580b3d0, 0x000001f015846b90, 0x000001f015897020, 0x000001f0158988f0,
0x000001f015899950, 0x000001f0158b17e0, 0x000001f0158b5d40, 0x000001f0158b8df0,
0x000001f01592ab40, 0x000001f015ac8f60, 0x000001f015acb1f0, 0x000001f015acd8e0,
0x000001f0163768e0, 0x000001f01652d680, 0x000001f0164fd130, 0x000001f0165d4f30,
0x000001f017506bd0, 0x000001f017533ef0, 0x000001f017997210, 0x000001f017998550,
0x000001f01679a880, 0x000001f016795b80, 0x000001f016794370, 0x000001f016794840,
0x000001f016799070, 0x000001f0179963a0, 0x000001f017993380, 0x000001f0179946c0,
0x000001f017992eb0, 0x000001f017994b90, 0x000001f017993850, 0x000001f017993d20,
0x000001f017995060, 0x000001f017996870, 0x000001f017995a00, 0x000001f017995ed0,
0x000001f0167969f0, 0x000001f016796520, 0x000001f016797d30, 0x000001f016799ee0,
0x000001f016798200, 0x000001f01679b220, 0x000001f016798ba0, 0x000001f016799540,
0x000001f0167939d0
}

Java Threads: ( => current thread )
  0x000001f01580b3d0 JavaThread "Reference Handler" daemon [_thread_blocked, id=17588, stack(0x000000edf0b00000,0x000000edf0c00000)]
  0x000001f015846b90 JavaThread "Finalizer" daemon [_thread_blocked, id=11424, stack(0x000000edf0c00000,0x000000edf0d00000)]
  0x000001f015897020 JavaThread "Signal Dispatcher" daemon [_thread_blocked, id=6064, stack(0x000000edf0d00000,0x000000edf0e00000)]
  0x000001f0158988f0 JavaThread "Attach Listener" daemon [_thread_blocked, id=2432, stack(0x000000edf0e00000,0x000000edf0f00000)]
  0x000001f015899950 JavaThread "Service Thread" daemon [_thread_blocked, id=9648, stack(0x000000edf0f00000,0x000000edf1000000)]
  0x000001f0158b17e0 JavaThread "Monitor Deflation Thread" daemon [_thread_blocked, id=18976, stack(0x000000edf1000000,0x000000edf1100000)]
  0x000001f0158b5d40 JavaThread "C1 CompilerThread0" daemon [_thread_blocked, id=14180, stack(0x000000edf1100000,0x000000edf1200000)]
  0x000001f0158b8df0 JavaThread "Sweeper thread" daemon [_thread_blocked, id=17840, stack(0x000000edf1200000,0x000000edf1300000)]
  0x000001f01592ab40 JavaThread "Common-Cleaner" daemon [_thread_blocked, id=16472, stack(0x000000edf1300000,0x000000edf1400000)]
=>0x000001f015ac8f60 JavaThread "JDWP Transport Listener: dt_socket" daemon [_thread_in_vm, id=5596, stack(0x000000edf1500000,0x000000edf1600000)]
  0x000001f015acb1f0 JavaThread "JDWP Event Helper Thread" daemon [_thread_blocked, id=12276, stack(0x000000edf1600000,0x000000edf1700000)]
  0x000001f015acd8e0 JavaThread "JDWP Command Reader" daemon [_thread_in_native, id=17960, stack(0x000000edf1700000,0x000000edf1800000)]
  0x000001f0163768e0 JavaThread "Notification Thread" daemon [_thread_blocked, id=12316, stack(0x000000edf1800000,0x000000edf1900000)]
  0x000001f01652d680 JavaThread "RMI TCP Accept-0" daemon [_thread_in_native, id=12012, stack(0x000000edf1900000,0x000000edf1a00000)]
  0x000001f0164fd130 JavaThread "RMI TCP Accept-56879" daemon [_thread_in_native, id=14568, stack(0x000000edf1a00000,0x000000edf1b00000)]
  0x000001f0165d4f30 JavaThread "RMI TCP Accept-0" daemon [_thread_in_native, id=15196, stack(0x000000edf1b00000,0x000000edf1c00000)]
  0x000001f017506bd0 JavaThread "RMI Scheduler(0)" daemon [_thread_blocked, id=2820, stack(0x000000edf2800000,0x000000edf2900000)]
  0x000001f017533ef0 JavaThread "JMX server connection timeout 25" daemon [_thread_blocked, id=16436, stack(0x000000edf2a00000,0x000000edf2b00000)]
  0x000001f017997210 JavaThread "oracle.jdbc.driver.BlockSource.ThreadedCachingBlockSource.BlockReleaser" daemon [_thread_blocked, id=9028, stack(0x000000edf3400000,0x000000edf3500000)]
  0x000001f017998550 JavaThread "InterruptTimer" daemon [_thread_blocked, id=17488, stack(0x000000edf3500000,0x000000edf3600000)]
  0x000001f01679a880 JavaThread "pool-1-thread-1" [_thread_blocked, id=18316, stack(0x000000edf4600000,0x000000edf4700000)]
  0x000001f016795b80 JavaThread "DestroyJavaVM" [_thread_blocked, id=16720, stack(0x000000edf0400000,0x000000edf0500000)]
  0x000001f016794370 JavaThread "ForkJoinPool.commonPool-worker-2" daemon [_thread_blocked, id=7672, stack(0x000000edf2600000,0x000000edf2700000)]
  0x000001f016794840 JavaThread "pool-1-thread-2" [_thread_blocked, id=14676, stack(0x000000edf2700000,0x000000edf2800000)]
  0x000001f016799070 JavaThread "Live Reload Server" daemon [_thread_in_native, id=9904, stack(0x000000edf4200000,0x000000edf4300000)]
  0x000001f0179963a0 JavaThread "RMI TCP Connection(19)-127.0.0.1" daemon [_thread_in_native, id=16292, stack(0x000000edf5000000,0x000000edf5100000)]
  0x000001f017993380 JavaThread "Catalina-utility-1" [_thread_blocked, id=2360, stack(0x000000edf3000000,0x000000edf3100000)]
  0x000001f0179946c0 JavaThread "Catalina-utility-2" [_thread_blocked, id=7448, stack(0x000000edf3700000,0x000000edf3800000)]
  0x000001f017992eb0 JavaThread "container-0" [_thread_blocked, id=17108, stack(0x000000edf3a00000,0x000000edf3b00000)]
  0x000001f017994b90 JavaThread "jdbc/sisocos housekeeper" daemon [_thread_blocked, id=6840, stack(0x000000edf3b00000,0x000000edf3c00000)]
  0x000001f017993850 JavaThread "File Watcher" daemon [_thread_blocked, id=10128, stack(0x000000edf3f00000,0x000000edf4000000)]
  0x000001f017993d20 JavaThread "http-nio-8184-exec-1" daemon [_thread_blocked, id=2844, stack(0x000000edf4000000,0x000000edf4100000)]
  0x000001f017995060 JavaThread "http-nio-8184-exec-2" daemon [_thread_blocked, id=2296, stack(0x000000edf4100000,0x000000edf4200000)]
  0x000001f017996870 JavaThread "http-nio-8184-exec-3" daemon [_thread_blocked, id=14512, stack(0x000000edf4300000,0x000000edf4400000)]
  0x000001f017995a00 JavaThread "http-nio-8184-exec-4" daemon [_thread_blocked, id=84, stack(0x000000edf4400000,0x000000edf4500000)]
  0x000001f017995ed0 JavaThread "http-nio-8184-exec-5" daemon [_thread_blocked, id=18168, stack(0x000000edf4500000,0x000000edf4600000)]
  0x000001f0167969f0 JavaThread "http-nio-8184-exec-6" daemon [_thread_blocked, id=10212, stack(0x000000edf4800000,0x000000edf4900000)]
  0x000001f016796520 JavaThread "http-nio-8184-exec-7" daemon [_thread_blocked, id=18844, stack(0x000000edf4900000,0x000000edf4a00000)]
  0x000001f016797d30 JavaThread "http-nio-8184-exec-8" daemon [_thread_blocked, id=15352, stack(0x000000edf4a00000,0x000000edf4b00000)]
  0x000001f016799ee0 JavaThread "http-nio-8184-exec-9" daemon [_thread_blocked, id=14588, stack(0x000000edf4b00000,0x000000edf4c00000)]
  0x000001f016798200 JavaThread "http-nio-8184-exec-10" daemon [_thread_blocked, id=15336, stack(0x000000edf4c00000,0x000000edf4d00000)]
  0x000001f01679b220 JavaThread "http-nio-8184-Poller" daemon [_thread_in_native, id=8076, stack(0x000000edf4d00000,0x000000edf4e00000)]
  0x000001f016798ba0 JavaThread "http-nio-8184-Acceptor" daemon [_thread_in_native, id=14492, stack(0x000000edf4e00000,0x000000edf4f00000)]
  0x000001f016799540 JavaThread "pool-3-thread-1" [_thread_blocked, id=5360, stack(0x000000edf5400000,0x000000edf5500000)]
  0x000001f0167939d0 JavaThread "ForkJoinPool.commonPool-worker-9" daemon [_thread_blocked, id=17272, stack(0x000000edf2f00000,0x000000edf3000000)]

Other Threads:
  0x000001f01587ad20 VMThread "VM Thread" [stack: 0x000000edf0a00000,0x000000edf0b00000] [id=8104]
  0x000001f0025ab400 WatcherThread [stack: 0x000000edf1c00000,0x000000edf1d00000] [id=13012]
  0x000001f002617740 GCTaskThread "GC Thread#0" [stack: 0x000000edf0500000,0x000000edf0600000] [id=13536]
  0x000001f0166d02f0 GCTaskThread "GC Thread#1" [stack: 0x000000edf1d00000,0x000000edf1e00000] [id=5656]
  0x000001f0166d05a0 GCTaskThread "GC Thread#2" [stack: 0x000000edf1e00000,0x000000edf1f00000] [id=12116]
  0x000001f0165bcc40 GCTaskThread "GC Thread#3" [stack: 0x000000edf1f00000,0x000000edf2000000] [id=6932]
  0x000001f0165bd500 GCTaskThread "GC Thread#4" [stack: 0x000000edf2000000,0x000000edf2100000] [id=1412]
  0x000001f0165bd7b0 GCTaskThread "GC Thread#5" [stack: 0x000000edf2100000,0x000000edf2200000] [id=13304]
  0x000001f016617890 GCTaskThread "GC Thread#6" [stack: 0x000000edf2200000,0x000000edf2300000] [id=18864]
  0x000001f0167128e0 GCTaskThread "GC Thread#7" [stack: 0x000000edf2300000,0x000000edf2400000] [id=15592]
  0x000001f002628410 ConcurrentGCThread "G1 Main Marker" [stack: 0x000000edf0600000,0x000000edf0700000] [id=7316]
  0x000001f0026294d0 ConcurrentGCThread "G1 Conc#0" [stack: 0x000000edf0700000,0x000000edf0800000] [id=10056]
  0x000001f017719630 ConcurrentGCThread "G1 Conc#1" [stack: 0x000000edf2e00000,0x000000edf2f00000] [id=12408]
  0x000001f014816b80 ConcurrentGCThread "G1 Refine#0" [stack: 0x000000edf0800000,0x000000edf0900000] [id=5236]
  0x000001f0166de990 ConcurrentGCThread "G1 Refine#1" [stack: 0x000000edf2400000,0x000000edf2500000] [id=764]
  0x000001f017e21060 ConcurrentGCThread "G1 Refine#2" [stack: 0x000000edf3100000,0x000000edf3200000] [id=14136]
  0x000001f017e21be0 ConcurrentGCThread "G1 Refine#3" [stack: 0x000000edf3200000,0x000000edf3300000] [id=13892]
  0x000001f017e21ec0 ConcurrentGCThread "G1 Refine#4" [stack: 0x000000edf3300000,0x000000edf3400000] [id=7288]
  0x000001f0148174b0 ConcurrentGCThread "G1 Service" [stack: 0x000000edf0900000,0x000000edf0a00000] [id=16964]

Threads with active compile tasks:

VM state: not at safepoint (normal execution)

VM Mutex/Monitor currently owned by a thread: None

Heap address: 0x0000000701800000, size: 4072 MB, Compressed Oops mode: Zero based, Oop shift amount: 3

CDS archive(s) not mapped
Compressed class space mapped at: 0x0000000800000000-0x0000000840000000, reserved size: 1073741824
Narrow klass base: 0x0000000800000000, Narrow klass shift: 0, Narrow klass range: 0x40000000

GC Precious Log:
 CPUs: 8 total, 8 available
 Memory: 16283M
 Large Page Support: Disabled
 NUMA Support: Disabled
 Compressed Oops: Enabled (Zero based)
 Heap Region Size: 2M
 Heap Min Capacity: 8M
 Heap Initial Capacity: 256M
 Heap Max Capacity: 4072M
 Pre-touch: Disabled
 Parallel Workers: 8
 Concurrent Workers: 2
 Concurrent Refinement Workers: 8
 Periodic GC: Disabled

Heap:
 garbage-first heap   total 98304K, used 56696K [0x0000000701800000, 0x0000000800000000)
  region size 2048K, 15 young (30720K), 2 survivors (4096K)
 Metaspace       used 76235K, committed 76736K, reserved 1122304K
  class space    used 9952K, committed 10176K, reserved 1048576K

Heap Regions: E=young(eden), S=young(survivor), O=old, HS=humongous(starts), HC=humongous(continues), CS=collection set, F=free, OA=open archive, CA=closed archive, TAMS=top-at-mark-start (previous, next)
|   0|0x0000000701800000, 0x00000007019ffde0, 0x0000000701a00000| 99%| O|  |TAMS 0x00000007019ffde0, 0x0000000701800000| Untracked 
|   1|0x0000000701a00000, 0x0000000701c00000, 0x0000000701c00000|100%| O|  |TAMS 0x0000000701c00000, 0x0000000701a00000| Untracked 
|   2|0x0000000701c00000, 0x0000000701dfffd8, 0x0000000701e00000| 99%| O|  |TAMS 0x0000000701c00000, 0x0000000701c00000| Untracked 
|   3|0x0000000701e00000, 0x0000000702000000, 0x0000000702000000|100%| O|  |TAMS 0x0000000701e00000, 0x0000000701e00000| Untracked 
|   4|0x0000000702000000, 0x0000000702200000, 0x0000000702200000|100%| O|  |TAMS 0x0000000702000000, 0x0000000702000000| Untracked 
|   5|0x0000000702200000, 0x00000007023ffff0, 0x0000000702400000| 99%| O|  |TAMS 0x0000000702200000, 0x0000000702200000| Untracked 
|   6|0x0000000702400000, 0x00000007025ffff8, 0x0000000702600000| 99%| O|  |TAMS 0x0000000702400000, 0x0000000702400000| Untracked 
|   7|0x0000000702600000, 0x00000007027ffff8, 0x0000000702800000| 99%| O|  |TAMS 0x0000000702600000, 0x0000000702600000| Untracked 
|   8|0x0000000702800000, 0x00000007029fffe8, 0x0000000702a00000| 99%| O|  |TAMS 0x0000000702800000, 0x0000000702800000| Untracked 
|   9|0x0000000702a00000, 0x0000000702bc74f8, 0x0000000702c00000| 88%| O|  |TAMS 0x0000000702a00000, 0x0000000702a00000| Untracked 
|  10|0x0000000702c00000, 0x0000000702dfffb0, 0x0000000702e00000| 99%| O|  |TAMS 0x0000000702c00000, 0x0000000702c00000| Untracked 
|  11|0x0000000702e00000, 0x0000000702f18698, 0x0000000703000000| 54%| O|  |TAMS 0x0000000702e00000, 0x0000000702e00000| Untracked 
|  12|0x0000000703000000, 0x00000007030da480, 0x0000000703200000| 42%| O|  |TAMS 0x0000000703000000, 0x0000000703000000| Untracked 
|  13|0x0000000703200000, 0x0000000703400000, 0x0000000703400000|100%| O|  |TAMS 0x0000000703200000, 0x0000000703200000| Untracked 
|  14|0x0000000703400000, 0x000000070340d458, 0x0000000703600000|  2%| O|  |TAMS 0x0000000703400000, 0x0000000703400000| Untracked 
|  15|0x0000000703600000, 0x0000000703800000, 0x0000000703800000|100%| O|  |TAMS 0x0000000703600000, 0x0000000703600000| Untracked 
|  16|0x0000000703800000, 0x00000007038c8600, 0x0000000703a00000| 39%| O|  |TAMS 0x0000000703800000, 0x0000000703800000| Untracked 
|  17|0x0000000703a00000, 0x0000000703a00000, 0x0000000703c00000|  0%| F|  |TAMS 0x0000000703a00000, 0x0000000703a00000| Untracked 
|  18|0x0000000703c00000, 0x0000000703c00000, 0x0000000703e00000|  0%| F|  |TAMS 0x0000000703c00000, 0x0000000703c00000| Untracked 
|  19|0x0000000703e00000, 0x0000000703e00000, 0x0000000704000000|  0%| F|  |TAMS 0x0000000703e00000, 0x0000000703e00000| Untracked 
|  20|0x0000000704000000, 0x0000000704000000, 0x0000000704200000|  0%| F|  |TAMS 0x0000000704000000, 0x0000000704000000| Untracked 
|  21|0x0000000704200000, 0x0000000704200000, 0x0000000704400000|  0%| F|  |TAMS 0x0000000704200000, 0x0000000704200000| Untracked 
|  22|0x0000000704400000, 0x0000000704400000, 0x0000000704600000|  0%| F|  |TAMS 0x0000000704400000, 0x0000000704400000| Untracked 
|  23|0x0000000704600000, 0x0000000704600000, 0x0000000704800000|  0%| F|  |TAMS 0x0000000704600000, 0x0000000704600000| Untracked 
|  24|0x0000000704800000, 0x0000000704800000, 0x0000000704a00000|  0%| F|  |TAMS 0x0000000704800000, 0x0000000704800000| Untracked 
|  25|0x0000000704a00000, 0x0000000704a00000, 0x0000000704c00000|  0%| F|  |TAMS 0x0000000704a00000, 0x0000000704a00000| Untracked 
|  26|0x0000000704c00000, 0x0000000704cceb10, 0x0000000704e00000| 40%| S|CS|TAMS 0x0000000704c00000, 0x0000000704c00000| Complete 
|  27|0x0000000704e00000, 0x0000000705000000, 0x0000000705000000|100%| S|CS|TAMS 0x0000000704e00000, 0x0000000704e00000| Complete 
|  28|0x0000000705000000, 0x0000000705000000, 0x0000000705200000|  0%| F|  |TAMS 0x0000000705000000, 0x0000000705000000| Untracked 
|  29|0x0000000705200000, 0x0000000705200000, 0x0000000705400000|  0%| F|  |TAMS 0x0000000705200000, 0x0000000705200000| Untracked 
|  30|0x0000000705400000, 0x0000000705400000, 0x0000000705600000|  0%| F|  |TAMS 0x0000000705400000, 0x0000000705400000| Untracked 
|  31|0x0000000705600000, 0x0000000705600000, 0x0000000705800000|  0%| F|  |TAMS 0x0000000705600000, 0x0000000705600000| Untracked 
|  32|0x0000000705800000, 0x0000000705800000, 0x0000000705a00000|  0%| F|  |TAMS 0x0000000705800000, 0x0000000705800000| Untracked 
|  33|0x0000000705a00000, 0x0000000705a00000, 0x0000000705c00000|  0%| F|  |TAMS 0x0000000705a00000, 0x0000000705a00000| Untracked 
|  34|0x0000000705c00000, 0x0000000705c00000, 0x0000000705e00000|  0%| F|  |TAMS 0x0000000705c00000, 0x0000000705c00000| Untracked 
|  35|0x0000000705e00000, 0x0000000705fb7b88, 0x0000000706000000| 85%| E|  |TAMS 0x0000000705e00000, 0x0000000705e00000| Complete 
|  36|0x0000000706000000, 0x0000000706200000, 0x0000000706200000|100%| E|CS|TAMS 0x0000000706000000, 0x0000000706000000| Complete 
|  37|0x0000000706200000, 0x0000000706400000, 0x0000000706400000|100%| E|CS|TAMS 0x0000000706200000, 0x0000000706200000| Complete 
|  38|0x0000000706400000, 0x0000000706600000, 0x0000000706600000|100%| E|CS|TAMS 0x0000000706400000, 0x0000000706400000| Complete 
|  39|0x0000000706600000, 0x0000000706800000, 0x0000000706800000|100%| E|CS|TAMS 0x0000000706600000, 0x0000000706600000| Complete 
|  40|0x0000000706800000, 0x0000000706a00000, 0x0000000706a00000|100%| E|CS|TAMS 0x0000000706800000, 0x0000000706800000| Complete 
|  41|0x0000000706a00000, 0x0000000706c00000, 0x0000000706c00000|100%| E|CS|TAMS 0x0000000706a00000, 0x0000000706a00000| Complete 
|  42|0x0000000706c00000, 0x0000000706e00000, 0x0000000706e00000|100%| E|CS|TAMS 0x0000000706c00000, 0x0000000706c00000| Complete 
|  43|0x0000000706e00000, 0x0000000707000000, 0x0000000707000000|100%| E|CS|TAMS 0x0000000706e00000, 0x0000000706e00000| Complete 
|  44|0x0000000707000000, 0x0000000707200000, 0x0000000707200000|100%| E|CS|TAMS 0x0000000707000000, 0x0000000707000000| Complete 
|  45|0x0000000707200000, 0x0000000707400000, 0x0000000707400000|100%| E|CS|TAMS 0x0000000707200000, 0x0000000707200000| Complete 
|  46|0x0000000707400000, 0x0000000707600000, 0x0000000707600000|100%| E|CS|TAMS 0x0000000707400000, 0x0000000707400000| Complete 
|  47|0x0000000707600000, 0x0000000707800000, 0x0000000707800000|100%| E|CS|TAMS 0x0000000707600000, 0x0000000707600000| Complete 

Card table byte_map: [0x000001f009560000,0x000001f009d60000] _byte_map_base: 0x000001f005d54000

Marking Bits (Prev, Next): (CMBitMap*) 0x000001f002617ca0, (CMBitMap*) 0x000001f002617c60
 Prev Bits: [0x000001f00e500000, 0x000001f0124a0000)
 Next Bits: [0x000001f00a560000, 0x000001f00e500000)

Polling page: 0x000001f000510000

Metaspace:

Usage:
  Non-class:     64.73 MB used.
      Class:      9.72 MB used.
       Both:     74.45 MB used.

Virtual space:
  Non-class space:       72.00 MB reserved,      65.00 MB ( 90%) committed,  9 nodes.
      Class space:        1.00 GB reserved,       9.94 MB ( <1%) committed,  1 nodes.
             Both:        1.07 GB reserved,      74.94 MB (  7%) committed. 

Chunk freelists:
   Non-Class:  2.78 MB
       Class:  1.94 MB
        Both:  4.72 MB

MaxMetaspaceSize: unlimited
CompressedClassSpaceSize: 1.00 GB
Initial GC threshold: 21.00 MB
Current GC threshold: 122.81 MB
CDS: off
MetaspaceReclaimPolicy: balanced
 - commit_granule_bytes: 65536.
 - commit_granule_words: 8192.
 - virtual_space_node_default_size: 1048576.
 - enlarge_chunks_in_place: 1.
 - new_chunks_are_fully_committed: 0.
 - uncommit_free_chunks: 1.
 - use_allocation_guard: 0.
 - handle_deallocations: 1.


Internal statistics:

num_allocs_failed_limit: 11.
num_arena_births: 952.
num_arena_deaths: 158.
num_vsnodes_births: 10.
num_vsnodes_deaths: 0.
num_space_committed: 1199.
num_space_uncommitted: 0.
num_chunks_returned_to_freelist: 208.
num_chunks_taken_from_freelist: 3609.
num_chunk_merges: 60.
num_chunk_splits: 2353.
num_chunks_enlarged: 1651.
num_purges: 10.
num_inconsistent_stats: 0.

CodeCache: size=49152Kb used=19497Kb max_used=20130Kb free=29654Kb
 bounds [0x000001f005c50000, 0x000001f007000000, 0x000001f008c50000]
 total_blobs=10672 nmethods=9979 adapters=619
 compilation: enabled
              stopped_count=0, restarted_count=0
 full_count=0

Compilation events (20 events):
Event: 531.585 Thread 0x000001f0158b5d40 9970       1       org.apache.catalina.webresources.Cache$EvictionOrder::compare (13 bytes)
Event: 531.586 Thread 0x000001f0158b5d40 nmethod 9970 0x000001f006c21e90 code [0x000001f006c22040, 0x000001f006c22238]
Event: 531.586 Thread 0x000001f0158b5d40 9971       1       org.apache.catalina.webresources.Cache$EvictionOrder::compare (31 bytes)
Event: 531.586 Thread 0x000001f0158b5d40 nmethod 9971 0x000001f006c21a90 code [0x000001f006c21c20, 0x000001f006c21d98]
Event: 541.099 Thread 0x000001f0158b5d40 9972   !   1       java.net.Socket::isClosed (19 bytes)
Event: 541.099 Thread 0x000001f0158b5d40 nmethod 9972 0x000001f006c21690 code [0x000001f006c21820, 0x000001f006c219d8]
Event: 541.099 Thread 0x000001f0158b5d40 9973       1       java.lang.Long::hashCode (8 bytes)
Event: 541.099 Thread 0x000001f0158b5d40 nmethod 9973 0x000001f006c21390 code [0x000001f006c21520, 0x000001f006c215f8]
Event: 581.606 Thread 0x000001f0158b5d40 9974   !   1       org.apache.catalina.core.ContainerBase::getRealmInternal (38 bytes)
Event: 581.607 Thread 0x000001f0158b5d40 nmethod 9974 0x000001f006c20b90 code [0x000001f006c20d80, 0x000001f006c210b8]
Event: 581.607 Thread 0x000001f0158b5d40 9975       1       org.apache.catalina.mapper.MapperListener::lifecycleEvent (178 bytes)
Event: 581.608 Thread 0x000001f0158b5d40 nmethod 9975 0x000001f006c1fc10 code [0x000001f006c1fe80, 0x000001f006c20758]
Event: 601.622 Thread 0x000001f0158b5d40 9976   !   1       org.apache.catalina.core.ContainerBase::getClusterInternal (38 bytes)
Event: 601.623 Thread 0x000001f0158b5d40 nmethod 9976 0x000001f006c1f410 code [0x000001f006c1f600, 0x000001f006c1f938]
Event: 651.656 Thread 0x000001f0158b5d40 9978   !   1       org.apache.catalina.core.ContainerBase::backgroundProcess (168 bytes)
Event: 651.658 Thread 0x000001f0158b5d40 nmethod 9978 0x000001f006c1e110 code [0x000001f006c1e380, 0x000001f006c1ed98]
Event: 651.658 Thread 0x000001f0158b5d40 9977   !   1       org.apache.catalina.core.ContainerBase$ContainerBackgroundProcessor::processChildren (202 bytes)
Event: 651.660 Thread 0x000001f0158b5d40 nmethod 9977 0x000001f006c1c390 code [0x000001f006c1c680, 0x000001f006c1d648]
Event: 651.660 Thread 0x000001f0158b5d40 9979       1       org.apache.catalina.core.StandardPipeline::getFirst (17 bytes)
Event: 651.660 Thread 0x000001f0158b5d40 nmethod 9979 0x000001f006c1c090 code [0x000001f006c1c220, 0x000001f006c1c318]

GC Heap History (20 events):
Event: 308.784 GC heap before
{Heap before GC invocations=40 (full 17):
 garbage-first heap   total 81920K, used 65624K [0x0000000701800000, 0x0000000800000000)
  region size 2048K, 21 young (43008K), 0 survivors (0K)
 Metaspace       used 74195K, committed 74624K, reserved 1114112K
  class space    used 9753K, committed 9920K, reserved 1048576K
}
Event: 308.788 GC heap after
{Heap after GC invocations=41 (full 17):
 garbage-first heap   total 81920K, used 26304K [0x0000000701800000, 0x0000000800000000)
  region size 2048K, 2 young (4096K), 2 survivors (4096K)
 Metaspace       used 74195K, committed 74624K, reserved 1114112K
  class space    used 9753K, committed 9920K, reserved 1048576K
}
Event: 309.002 GC heap before
{Heap before GC invocations=41 (full 17):
 garbage-first heap   total 81920K, used 65216K [0x0000000701800000, 0x0000000800000000)
  region size 2048K, 21 young (43008K), 2 survivors (4096K)
 Metaspace       used 74347K, committed 74816K, reserved 1114112K
  class space    used 9766K, committed 9984K, reserved 1048576K
}
Event: 309.006 GC heap after
{Heap after GC invocations=42 (full 17):
 garbage-first heap   total 81920K, used 28183K [0x0000000701800000, 0x0000000800000000)
  region size 2048K, 1 young (2048K), 1 survivors (2048K)
 Metaspace       used 74347K, committed 74816K, reserved 1114112K
  class space    used 9766K, committed 9984K, reserved 1048576K
}
Event: 309.264 GC heap before
{Heap before GC invocations=42 (full 17):
 garbage-first heap   total 81920K, used 65047K [0x0000000701800000, 0x0000000800000000)
  region size 2048K, 19 young (38912K), 1 survivors (2048K)
 Metaspace       used 74628K, committed 75072K, reserved 1114112K
  class space    used 9788K, committed 9984K, reserved 1048576K
}
Event: 309.267 GC heap after
{Heap after GC invocations=43 (full 17):
 garbage-first heap   total 81920K, used 30094K [0x0000000701800000, 0x0000000800000000)
  region size 2048K, 2 young (4096K), 2 survivors (4096K)
 Metaspace       used 74628K, committed 75072K, reserved 1114112K
  class space    used 9788K, committed 9984K, reserved 1048576K
}
Event: 309.608 GC heap before
{Heap before GC invocations=43 (full 17):
 garbage-first heap   total 81920K, used 64910K [0x0000000701800000, 0x0000000800000000)
  region size 2048K, 19 young (38912K), 2 survivors (4096K)
 Metaspace       used 74988K, committed 75456K, reserved 1122304K
  class space    used 9826K, committed 10048K, reserved 1048576K
}
Event: 309.612 GC heap after
{Heap after GC invocations=44 (full 17):
 garbage-first heap   total 81920K, used 32294K [0x0000000701800000, 0x0000000800000000)
  region size 2048K, 3 young (6144K), 3 survivors (6144K)
 Metaspace       used 74988K, committed 75456K, reserved 1122304K
  class space    used 9826K, committed 10048K, reserved 1048576K
}
Event: 311.021 GC heap before
{Heap before GC invocations=44 (full 17):
 garbage-first heap   total 81920K, used 36390K [0x0000000701800000, 0x0000000800000000)
  region size 2048K, 6 young (12288K), 3 survivors (6144K)
 Metaspace       used 74991K, committed 75456K, reserved 1122304K
  class space    used 9826K, committed 10048K, reserved 1048576K
}
Event: 311.065 GC heap after
{Heap after GC invocations=45 (full 18):
 garbage-first heap   total 81920K, used 24348K [0x0000000701800000, 0x0000000800000000)
  region size 2048K, 0 young (0K), 0 survivors (0K)
 Metaspace       used 74975K, committed 75456K, reserved 1122304K
  class space    used 9824K, committed 10048K, reserved 1048576K
}
Event: 311.492 GC heap before
{Heap before GC invocations=45 (full 18):
 garbage-first heap   total 81920K, used 59164K [0x0000000701800000, 0x0000000800000000)
  region size 2048K, 18 young (36864K), 0 survivors (0K)
 Metaspace       used 75229K, committed 75712K, reserved 1122304K
  class space    used 9854K, committed 10048K, reserved 1048576K
}
Event: 311.494 GC heap after
{Heap after GC invocations=46 (full 18):
 garbage-first heap   total 81920K, used 27136K [0x0000000701800000, 0x0000000800000000)
  region size 2048K, 2 young (4096K), 2 survivors (4096K)
 Metaspace       used 75229K, committed 75712K, reserved 1122304K
  class space    used 9854K, committed 10048K, reserved 1048576K
}
Event: 311.767 GC heap before
{Heap before GC invocations=46 (full 18):
 garbage-first heap   total 81920K, used 59904K [0x0000000701800000, 0x0000000800000000)
  region size 2048K, 18 young (36864K), 2 survivors (4096K)
 Metaspace       used 75337K, committed 75776K, reserved 1122304K
  class space    used 9861K, committed 10048K, reserved 1048576K
}
Event: 311.770 GC heap after
{Heap after GC invocations=47 (full 18):
 garbage-first heap   total 81920K, used 28352K [0x0000000701800000, 0x0000000800000000)
  region size 2048K, 2 young (4096K), 2 survivors (4096K)
 Metaspace       used 75337K, committed 75776K, reserved 1122304K
  class space    used 9861K, committed 10048K, reserved 1048576K
}
Event: 311.962 GC heap before
{Heap before GC invocations=47 (full 18):
 garbage-first heap   total 81920K, used 61120K [0x0000000701800000, 0x0000000800000000)
  region size 2048K, 18 young (36864K), 2 survivors (4096K)
 Metaspace       used 75582K, committed 76096K, reserved 1122304K
  class space    used 9879K, committed 10112K, reserved 1048576K
}
Event: 311.965 GC heap after
{Heap after GC invocations=48 (full 18):
 garbage-first heap   total 81920K, used 30163K [0x0000000701800000, 0x0000000800000000)
  region size 2048K, 2 young (4096K), 2 survivors (4096K)
 Metaspace       used 75582K, committed 76096K, reserved 1122304K
  class space    used 9879K, committed 10112K, reserved 1048576K
}
Event: 312.171 GC heap before
{Heap before GC invocations=48 (full 18):
 garbage-first heap   total 81920K, used 60883K [0x0000000701800000, 0x0000000800000000)
  region size 2048K, 17 young (34816K), 2 survivors (4096K)
 Metaspace       used 75781K, committed 76352K, reserved 1122304K
  class space    used 9901K, committed 10176K, reserved 1048576K
}
Event: 312.175 GC heap after
{Heap after GC invocations=49 (full 18):
 garbage-first heap   total 98304K, used 31424K [0x0000000701800000, 0x0000000800000000)
  region size 2048K, 3 young (6144K), 3 survivors (6144K)
 Metaspace       used 75781K, committed 76352K, reserved 1122304K
  class space    used 9901K, committed 10176K, reserved 1048576K
}
Event: 393.251 GC heap before
{Heap before GC invocations=49 (full 18):
 garbage-first heap   total 98304K, used 70336K [0x0000000701800000, 0x0000000800000000)
  region size 2048K, 23 young (47104K), 3 survivors (6144K)
 Metaspace       used 76230K, committed 76736K, reserved 1122304K
  class space    used 9952K, committed 10176K, reserved 1048576K
}
Event: 393.258 GC heap after
{Heap after GC invocations=50 (full 18):
 garbage-first heap   total 98304K, used 32120K [0x0000000701800000, 0x0000000800000000)
  region size 2048K, 2 young (4096K), 2 survivors (4096K)
 Metaspace       used 76230K, committed 76736K, reserved 1122304K
  class space    used 9952K, committed 10176K, reserved 1048576K
}

Deoptimization events (20 events):
Event: 371.663 Thread 0x000001f016799a10 DEOPT PACKING pc=0x000001f006c2f334 sp=0x000000edf2dfe640
Event: 371.663 Thread 0x000001f016799a10 DEOPT UNPACKING pc=0x000001f005ca2b43 sp=0x000000edf2dfdaf8 mode 1
Event: 371.667 Thread 0x000001f016799a10 DEOPT PACKING pc=0x000001f006afd7ec sp=0x000000edf2dfed90
Event: 371.667 Thread 0x000001f016799a10 DEOPT UNPACKING pc=0x000001f005ca2b43 sp=0x000000edf2dfe260 mode 1
Event: 376.950 Thread 0x000001f016797390 DEOPT PACKING pc=0x000001f006b0ed3c sp=0x000000edf2bfdbb0
Event: 376.950 Thread 0x000001f016797390 DEOPT UNPACKING pc=0x000001f005ca2b43 sp=0x000000edf2bfd028 mode 1
Event: 376.950 Thread 0x000001f016797390 DEOPT PACKING pc=0x000001f0064081ec sp=0x000000edf2bfe150
Event: 376.950 Thread 0x000001f016797390 DEOPT UNPACKING pc=0x000001f005ca2b43 sp=0x000000edf2bfd618 mode 1
Event: 376.950 Thread 0x000001f016797390 DEOPT PACKING pc=0x000001f006c2f334 sp=0x000000edf2bfe3b0
Event: 376.950 Thread 0x000001f016797390 DEOPT UNPACKING pc=0x000001f005ca2b43 sp=0x000000edf2bfd868 mode 1
Event: 376.954 Thread 0x000001f016797390 DEOPT PACKING pc=0x000001f006afd7ec sp=0x000000edf2bfeb00
Event: 376.954 Thread 0x000001f016797390 DEOPT UNPACKING pc=0x000001f005ca2b43 sp=0x000000edf2bfdfd0 mode 1
Event: 380.766 Thread 0x000001f016799540 DEOPT PACKING pc=0x000001f006b0ed3c sp=0x000000edf54fda50
Event: 380.766 Thread 0x000001f016799540 DEOPT UNPACKING pc=0x000001f005ca2b43 sp=0x000000edf54fcec8 mode 1
Event: 380.767 Thread 0x000001f016799540 DEOPT PACKING pc=0x000001f0064081ec sp=0x000000edf54fdff0
Event: 380.767 Thread 0x000001f016799540 DEOPT UNPACKING pc=0x000001f005ca2b43 sp=0x000000edf54fd4b8 mode 1
Event: 380.767 Thread 0x000001f016799540 DEOPT PACKING pc=0x000001f006c2f334 sp=0x000000edf54fe250
Event: 380.767 Thread 0x000001f016799540 DEOPT UNPACKING pc=0x000001f005ca2b43 sp=0x000000edf54fd708 mode 1
Event: 380.771 Thread 0x000001f016799540 DEOPT PACKING pc=0x000001f006afd7ec sp=0x000000edf54fe9a0
Event: 380.771 Thread 0x000001f016799540 DEOPT UNPACKING pc=0x000001f005ca2b43 sp=0x000000edf54fde70 mode 1

Classes unloaded (20 events):
Event: 179.966 Thread 0x000001f01587ad20 Unloading class 0x0000000800109800 'jdk/internal/reflect/GeneratedSerializationConstructorAccessor1'
Event: 179.966 Thread 0x000001f01587ad20 Unloading class 0x0000000800106000 'java/lang/invoke/LambdaForm$MH+0x0000000800106000'
Event: 179.967 Thread 0x000001f01587ad20 Unloading class 0x0000000800105c00 'java/lang/invoke/LambdaForm$MH+0x0000000800105c00'
Event: 179.967 Thread 0x000001f01587ad20 Unloading class 0x0000000800104c00 'java/lang/invoke/LambdaForm$MH+0x0000000800104c00'
Event: 179.967 Thread 0x000001f01587ad20 Unloading class 0x0000000800104800 'java/lang/invoke/LambdaForm$MH+0x0000000800104800'
Event: 179.967 Thread 0x000001f01587ad20 Unloading class 0x0000000800104000 'java/lang/invoke/LambdaForm$MH+0x0000000800104000'
Event: 179.967 Thread 0x000001f01587ad20 Unloading class 0x0000000800103400 'java/lang/invoke/LambdaForm$MH+0x0000000800103400'
Event: 179.967 Thread 0x000001f01587ad20 Unloading class 0x0000000800102c00 'java/lang/invoke/LambdaForm$MH+0x0000000800102c00'
Event: 179.967 Thread 0x000001f01587ad20 Unloading class 0x0000000800102400 'java/lang/invoke/LambdaForm$MH+0x0000000800102400'
Event: 179.967 Thread 0x000001f01587ad20 Unloading class 0x0000000800101c00 'java/lang/invoke/LambdaForm$MH+0x0000000800101c00'
Event: 182.058 Thread 0x000001f01587ad20 Unloading class 0x00000008001f2400 'jdk/internal/reflect/GeneratedSerializationConstructorAccessor9'
Event: 182.058 Thread 0x000001f01587ad20 Unloading class 0x00000008001ecc00 'jdk/internal/reflect/GeneratedSerializationConstructorAccessor7'
Event: 182.058 Thread 0x000001f01587ad20 Unloading class 0x00000008001ec400 'jdk/internal/reflect/GeneratedSerializationConstructorAccessor5'
Event: 182.058 Thread 0x000001f01587ad20 Unloading class 0x00000008001ec000 'jdk/internal/reflect/GeneratedSerializationConstructorAccessor4'
Event: 307.951 Thread 0x000001f01587ad20 Unloading class 0x0000000800919800 'jdk/internal/reflect/GeneratedMethodAccessor58'
Event: 311.035 Thread 0x000001f01587ad20 Unloading class 0x00000008009d9c00 'jdk/internal/reflect/GeneratedSerializationConstructorAccessor24'
Event: 311.035 Thread 0x000001f01587ad20 Unloading class 0x00000008001f2400 'jdk/internal/reflect/GeneratedConstructorAccessor67'
Event: 311.035 Thread 0x000001f01587ad20 Unloading class 0x0000000800930c00 'jdk/internal/reflect/GeneratedConstructorAccessor52'
Event: 311.035 Thread 0x000001f01587ad20 Unloading class 0x00000008005e0000 'jdk/internal/reflect/GeneratedConstructorAccessor30'
Event: 311.035 Thread 0x000001f01587ad20 Unloading class 0x0000000800374000 'org/apache/catalina/loader/JdbcLeakPrevention'

Classes redefined (4 events):
Event: 306.219 Thread 0x000001f01587ad20 redefined class name=com.pronaca.osoc.lecturaxml.view.servicexml.impl.AplicaPromocionServiceImpl, count=1
Event: 308.574 Thread 0x000001f01587ad20 redefined class name=com.pronaca.osoc.lecturaxml.loaderxml.impl.LoaderxMLImpl, count=1
Event: 726.477 Thread 0x000001f01587ad20 redefined class name=com.pronaca.osoc.lecturaxml.util.FileXmlUtil, count=1
Event: 726.477 Thread 0x000001f01587ad20 redefined class name=com.pronaca.osoc.lecturaxml.util.FileXmlUtil, count=1

Internal exceptions (20 events):
Event: 327.127 Thread 0x000001f017997bb0 Exception <a 'java/io/IOException'{0x0000000705f76228}> (0x0000000705f76228) 
thrown [e:\jenkins\tmp\workspace\build\src\src\hotspot\share\prims\jni.cpp, line 516]
Event: 327.576 Thread 0x000001f017997bb0 Exception <a 'java/io/IOException'{0x0000000705cb78b0}> (0x0000000705cb78b0) 
thrown [e:\jenkins\tmp\workspace\build\src\src\hotspot\share\prims\jni.cpp, line 516]
Event: 327.984 Thread 0x000001f017997bb0 Exception <a 'java/io/IOException'{0x0000000705de8470}> (0x0000000705de8470) 
thrown [e:\jenkins\tmp\workspace\build\src\src\hotspot\share\prims\jni.cpp, line 516]
Event: 328.437 Thread 0x000001f017997bb0 Exception <a 'java/io/IOException'{0x0000000705841598}> (0x0000000705841598) 
thrown [e:\jenkins\tmp\workspace\build\src\src\hotspot\share\prims\jni.cpp, line 516]
Event: 328.885 Thread 0x000001f017998a20 Exception <a 'java/io/IOException'{0x000000070599c760}> (0x000000070599c760) 
thrown [e:\jenkins\tmp\workspace\build\src\src\hotspot\share\prims\jni.cpp, line 516]
Event: 329.321 Thread 0x000001f017998a20 Exception <a 'java/io/IOException'{0x00000007056cb3b0}> (0x00000007056cb3b0) 
thrown [e:\jenkins\tmp\workspace\build\src\src\hotspot\share\prims\jni.cpp, line 516]
Event: 343.622 Thread 0x000001f01679ad50 Exception <a 'java/lang/ClassNotFoundException'{0x0000000705451bb8}: java/lang/ObjectCustomizer> (0x0000000705451bb8) 
thrown [e:\jenkins\tmp\workspace\build\src\src\hotspot\share\classfile\systemDictionary.cpp, line 256]
Event: 343.623 Thread 0x000001f01679ad50 Exception <a 'java/lang/ClassNotFoundException'{0x000000070545b018}: com/pronaca/osoc/lecturaxml/model/entities/ArchivoXmlCustomizer> (0x000000070545b018) 
thrown [e:\jenkins\tmp\workspace\build\src\src\hotspot\share\classfile\systemDictionary.cpp, line 256]
Event: 343.639 Thread 0x000001f01679ad50 Exception <a 'java/lang/NullPointerException'{0x000000070556d4a8}> (0x000000070556d4a8) 
thrown [e:\jenkins\tmp\workspace\build\src\src\hotspot\share\interpreter\linkResolver.cpp, line 1357]
Event: 343.639 Thread 0x000001f01679ad50 Exception <a 'java/lang/NullPointerException'{0x000000070556da28}> (0x000000070556da28) 
thrown [e:\jenkins\tmp\workspace\build\src\src\hotspot\share\interpreter\linkResolver.cpp, line 1357]
Event: 361.205 Thread 0x000001f016794d10 Exception <a 'java/lang/NullPointerException'{0x00000007053283a8}> (0x00000007053283a8) 
thrown [e:\jenkins\tmp\workspace\build\src\src\hotspot\share\interpreter\linkResolver.cpp, line 1357]
Event: 361.205 Thread 0x000001f016794d10 Exception <a 'java/lang/NullPointerException'{0x0000000705328928}> (0x0000000705328928) 
thrown [e:\jenkins\tmp\workspace\build\src\src\hotspot\share\interpreter\linkResolver.cpp, line 1357]
Event: 364.380 Thread 0x000001f0167951e0 Exception <a 'java/lang/NullPointerException'{0x0000000705383f50}> (0x0000000705383f50) 
thrown [e:\jenkins\tmp\workspace\build\src\src\hotspot\share\interpreter\linkResolver.cpp, line 1357]
Event: 364.380 Thread 0x000001f0167951e0 Exception <a 'java/lang/NullPointerException'{0x00000007053844d0}> (0x00000007053844d0) 
thrown [e:\jenkins\tmp\workspace\build\src\src\hotspot\share\interpreter\linkResolver.cpp, line 1357]
Event: 371.662 Thread 0x000001f016799a10 Exception <a 'java/lang/NullPointerException'{0x00000007050245f8}> (0x00000007050245f8) 
thrown [e:\jenkins\tmp\workspace\build\src\src\hotspot\share\interpreter\linkResolver.cpp, line 1357]
Event: 371.662 Thread 0x000001f016799a10 Exception <a 'java/lang/NullPointerException'{0x0000000705024b78}> (0x0000000705024b78) 
thrown [e:\jenkins\tmp\workspace\build\src\src\hotspot\share\interpreter\linkResolver.cpp, line 1357]
Event: 376.949 Thread 0x000001f016797390 Exception <a 'java/lang/NullPointerException'{0x0000000705883678}> (0x0000000705883678) 
thrown [e:\jenkins\tmp\workspace\build\src\src\hotspot\share\interpreter\linkResolver.cpp, line 1357]
Event: 376.950 Thread 0x000001f016797390 Exception <a 'java/lang/NullPointerException'{0x0000000705883bf8}> (0x0000000705883bf8) 
thrown [e:\jenkins\tmp\workspace\build\src\src\hotspot\share\interpreter\linkResolver.cpp, line 1357]
Event: 380.766 Thread 0x000001f016799540 Exception <a 'java/lang/NullPointerException'{0x00000007059d3e58}> (0x00000007059d3e58) 
thrown [e:\jenkins\tmp\workspace\build\src\src\hotspot\share\interpreter\linkResolver.cpp, line 1357]
Event: 380.766 Thread 0x000001f016799540 Exception <a 'java/lang/NullPointerException'{0x00000007059d43d8}> (0x00000007059d43d8) 
thrown [e:\jenkins\tmp\workspace\build\src\src\hotspot\share\interpreter\linkResolver.cpp, line 1357]

VM Operations (20 events):
Event: 382.644 Executing VM operation: get/set locals
Event: 382.644 Executing VM operation: get/set locals done
Event: 382.644 Executing VM operation: get/set locals
Event: 382.644 Executing VM operation: get/set locals done
Event: 382.644 Executing VM operation: get/set locals
Event: 382.644 Executing VM operation: get/set locals done
Event: 382.645 Executing VM operation: get/set locals
Event: 382.645 Executing VM operation: get/set locals done
Event: 393.251 Executing VM operation: G1CollectForAllocation
Event: 393.258 Executing VM operation: G1CollectForAllocation done
Event: 393.258 Executing VM operation: Cleanup
Event: 393.259 Executing VM operation: Cleanup done
Event: 662.278 Executing VM operation: Cleanup
Event: 662.278 Executing VM operation: Cleanup done
Event: 726.442 Executing VM operation: ChangeSingleStep
Event: 726.442 Executing VM operation: ChangeSingleStep done
Event: 726.442 Executing VM operation: ChangeSingleStep
Event: 726.442 Executing VM operation: ChangeSingleStep done
Event: 726.464 Executing VM operation: RedefineClasses
Event: 726.501 Executing VM operation: RedefineClasses done

Events (20 events):
Event: 328.889 Thread 0x000001f017997bb0 Thread exited: 0x000001f017997bb0
Event: 328.889 Thread 0x000001f0179993c0 Thread exited: 0x000001f0179993c0
Event: 329.036 Thread 0x000001f017998a20 Thread added: 0x000001f017998a20
Event: 329.321 Thread 0x000001f017998a20 Thread exited: 0x000001f017998a20
Event: 329.322 Thread 0x000001f017997bb0 Thread added: 0x000001f017997bb0
Event: 329.326 Thread 0x000001f017997bb0 Thread exited: 0x000001f017997bb0
Event: 336.496 Thread 0x000001f01799bb50 Thread exited: 0x000001f01799bb50
Event: 343.622 loading class java/lang/ObjectCustomizer
Event: 343.622 loading class java/lang/ObjectCustomizer done
Event: 343.622 loading class java/lang/ObjectCustomizer
Event: 343.622 loading class java/lang/ObjectCustomizer done
Event: 373.112 Thread 0x000001f0167986d0 Thread exited: 0x000001f0167986d0
Event: 391.081 Thread 0x000001f017995530 Thread exited: 0x000001f017995530
Event: 391.081 Thread 0x000001f0175103c0 Thread exited: 0x000001f0175103c0
Event: 399.512 Thread 0x000001f0179976e0 Thread exited: 0x000001f0179976e0
Event: 436.955 Thread 0x000001f016797390 Thread exited: 0x000001f016797390
Event: 496.965 Thread 0x000001f016799a10 Thread exited: 0x000001f016799a10
Event: 556.974 Thread 0x000001f0167951e0 Thread exited: 0x000001f0167951e0
Event: 616.977 Thread 0x000001f016794d10 Thread exited: 0x000001f016794d10
Event: 676.983 Thread 0x000001f01679ad50 Thread exited: 0x000001f01679ad50


Dynamic libraries:
0x00007ff6b3dc0000 - 0x00007ff6b3dce000 	D:\spring-tool-suite-4-4.15.1.RELEASE-e4.24.0-win32.win32.x86_64.self-extracting\sts-4.15.1.RELEASE\plugins\org.eclipse.justj.openjdk.hotspot.jre.full.win32.x86_64_17.0.3.v20220515-1416\jre\bin\javaw.exe
0x00007ffbacff0000 - 0x00007ffbad1e8000 	C:\Windows\SYSTEM32\ntdll.dll
0x00007ffbab430000 - 0x00007ffbab4ed000 	C:\Windows\System32\KERNEL32.DLL
0x00007ffbaac60000 - 0x00007ffbaaf2e000 	C:\Windows\System32\KERNELBASE.dll
0x00007ffb7a3c0000 - 0x00007ffb7a4e4000 	C:\Program Files\Bitdefender\Endpoint Security\atcuf\dlls_265968144989414722\atcuf64.dll
0x00007ffbaa960000 - 0x00007ffbaaa60000 	C:\Windows\System32\ucrtbase.dll
0x00007ffb711c0000 - 0x00007ffb711d8000 	D:\spring-tool-suite-4-4.15.1.RELEASE-e4.24.0-win32.win32.x86_64.self-extracting\sts-4.15.1.RELEASE\plugins\org.eclipse.justj.openjdk.hotspot.jre.full.win32.x86_64_17.0.3.v20220515-1416\jre\bin\jli.dll
0x00007ffbab4f0000 - 0x00007ffbab690000 	C:\Windows\System32\USER32.dll
0x00007ffbaaff0000 - 0x00007ffbab012000 	C:\Windows\System32\win32u.dll
0x00007ffbab690000 - 0x00007ffbab6ba000 	C:\Windows\System32\GDI32.dll
0x00007ffbaa710000 - 0x00007ffbaa81b000 	C:\Windows\System32\gdi32full.dll
0x00007ffbaaa60000 - 0x00007ffbaaafd000 	C:\Windows\System32\msvcp_win.dll
0x00007ffb70da0000 - 0x00007ffb70db9000 	D:\spring-tool-suite-4-4.15.1.RELEASE-e4.24.0-win32.win32.x86_64.self-extracting\sts-4.15.1.RELEASE\plugins\org.eclipse.justj.openjdk.hotspot.jre.full.win32.x86_64_17.0.3.v20220515-1416\jre\bin\VCRUNTIME140.dll
0x00007ffb83d10000 - 0x00007ffb83faa000 	C:\Windows\WinSxS\amd64_microsoft.windows.common-controls_6595b64144ccf1df_6.0.19041.1110_none_60b5254171f9507e\COMCTL32.dll
0x00007ffbabd90000 - 0x00007ffbabe2e000 	C:\Windows\System32\msvcrt.dll
0x00007ffbab770000 - 0x00007ffbab7a0000 	C:\Windows\System32\IMM32.DLL
0x00007ffb775c0000 - 0x00007ffb775cc000 	D:\spring-tool-suite-4-4.15.1.RELEASE-e4.24.0-win32.win32.x86_64.self-extracting\sts-4.15.1.RELEASE\plugins\org.eclipse.justj.openjdk.hotspot.jre.full.win32.x86_64_17.0.3.v20220515-1416\jre\bin\vcruntime140_1.dll
0x00007ffb61520000 - 0x00007ffb615b1000 	D:\spring-tool-suite-4-4.15.1.RELEASE-e4.24.0-win32.win32.x86_64.self-extracting\sts-4.15.1.RELEASE\plugins\org.eclipse.justj.openjdk.hotspot.jre.full.win32.x86_64_17.0.3.v20220515-1416\jre\bin\msvcp140.dll
0x00007ffb5c3d0000 - 0x00007ffb5d018000 	D:\spring-tool-suite-4-4.15.1.RELEASE-e4.24.0-win32.win32.x86_64.self-extracting\sts-4.15.1.RELEASE\plugins\org.eclipse.justj.openjdk.hotspot.jre.full.win32.x86_64_17.0.3.v20220515-1416\jre\bin\server\jvm.dll
0x00007ffbabe30000 - 0x00007ffbabede000 	C:\Windows\System32\ADVAPI32.dll
0x00007ffbab380000 - 0x00007ffbab41c000 	C:\Windows\System32\sechost.dll
0x00007ffbabee0000 - 0x00007ffbac005000 	C:\Windows\System32\RPCRT4.dll
0x00007ffbace80000 - 0x00007ffbace88000 	C:\Windows\System32\PSAPI.DLL
0x00007ffb99830000 - 0x00007ffb99839000 	C:\Windows\SYSTEM32\WSOCK32.dll
0x00007ffbacce0000 - 0x00007ffbacd4b000 	C:\Windows\System32\WS2_32.dll
0x00007ffb9a850000 - 0x00007ffb9a877000 	C:\Windows\SYSTEM32\WINMM.dll
0x00007ffb9a9c0000 - 0x00007ffb9a9ca000 	C:\Windows\SYSTEM32\VERSION.dll
0x00007ffba8630000 - 0x00007ffba8642000 	C:\Windows\SYSTEM32\kernel.appcore.dll
0x00007ffba7ee0000 - 0x00007ffba7eea000 	D:\spring-tool-suite-4-4.15.1.RELEASE-e4.24.0-win32.win32.x86_64.self-extracting\sts-4.15.1.RELEASE\plugins\org.eclipse.justj.openjdk.hotspot.jre.full.win32.x86_64_17.0.3.v20220515-1416\jre\bin\jimage.dll
0x00007ffb98df0000 - 0x00007ffb98fd4000 	C:\Windows\SYSTEM32\DBGHELP.DLL
0x00007ffb95e20000 - 0x00007ffb95e4c000 	C:\Windows\SYSTEM32\dbgcore.DLL
0x00007ffbaa8d0000 - 0x00007ffbaa952000 	C:\Windows\System32\bcryptPrimitives.dll
0x00007ffb7a2d0000 - 0x00007ffb7a30b000 	D:\spring-tool-suite-4-4.15.1.RELEASE-e4.24.0-win32.win32.x86_64.self-extracting\sts-4.15.1.RELEASE\plugins\org.eclipse.justj.openjdk.hotspot.jre.full.win32.x86_64_17.0.3.v20220515-1416\jre\bin\jdwp.dll
0x00007ffb89810000 - 0x00007ffb8981e000 	D:\spring-tool-suite-4-4.15.1.RELEASE-e4.24.0-win32.win32.x86_64.self-extracting\sts-4.15.1.RELEASE\plugins\org.eclipse.justj.openjdk.hotspot.jre.full.win32.x86_64_17.0.3.v20220515-1416\jre\bin\instrument.dll
0x00007ffba1a50000 - 0x00007ffba1a75000 	D:\spring-tool-suite-4-4.15.1.RELEASE-e4.24.0-win32.win32.x86_64.self-extracting\sts-4.15.1.RELEASE\plugins\org.eclipse.justj.openjdk.hotspot.jre.full.win32.x86_64_17.0.3.v20220515-1416\jre\bin\java.dll
0x00007ffba1a30000 - 0x00007ffba1a48000 	D:\spring-tool-suite-4-4.15.1.RELEASE-e4.24.0-win32.win32.x86_64.self-extracting\sts-4.15.1.RELEASE\plugins\org.eclipse.justj.openjdk.hotspot.jre.full.win32.x86_64_17.0.3.v20220515-1416\jre\bin\zip.dll
0x00007ffbac230000 - 0x00007ffbac974000 	C:\Windows\System32\SHELL32.dll
0x00007ffba8830000 - 0x00007ffba8fc4000 	C:\Windows\SYSTEM32\windows.storage.dll
0x00007ffbac980000 - 0x00007ffbaccd4000 	C:\Windows\System32\combase.dll
0x00007ffbaa0a0000 - 0x00007ffbaa0d0000 	C:\Windows\SYSTEM32\Wldp.dll
0x00007ffbabc70000 - 0x00007ffbabd1d000 	C:\Windows\System32\SHCORE.dll
0x00007ffbacd50000 - 0x00007ffbacda5000 	C:\Windows\System32\shlwapi.dll
0x00007ffbaa650000 - 0x00007ffbaa66f000 	C:\Windows\SYSTEM32\profapi.dll
0x00007ffb89720000 - 0x00007ffb8972c000 	D:\spring-tool-suite-4-4.15.1.RELEASE-e4.24.0-win32.win32.x86_64.self-extracting\sts-4.15.1.RELEASE\plugins\org.eclipse.justj.openjdk.hotspot.jre.full.win32.x86_64_17.0.3.v20220515-1416\jre\bin\dt_socket.dll
0x00007ffba9af0000 - 0x00007ffba9b2b000 	C:\Windows\SYSTEM32\IPHLPAPI.DLL
0x00007ffba9e00000 - 0x00007ffba9e6a000 	C:\Windows\system32\mswsock.dll
0x00007ffba9b30000 - 0x00007ffba9bfb000 	C:\Windows\SYSTEM32\DNSAPI.dll
0x00007ffbab420000 - 0x00007ffbab428000 	C:\Windows\System32\NSI.dll
0x00007ffba27b0000 - 0x00007ffba27ba000 	C:\Windows\System32\rasadhlp.dll
0x00007ffb9d800000 - 0x00007ffb9d880000 	C:\Windows\System32\fwpuclnt.dll
0x00007ffbab020000 - 0x00007ffbab047000 	C:\Windows\System32\bcrypt.dll
0x00007ffba1a10000 - 0x00007ffba1a29000 	D:\spring-tool-suite-4-4.15.1.RELEASE-e4.24.0-win32.win32.x86_64.self-extracting\sts-4.15.1.RELEASE\plugins\org.eclipse.justj.openjdk.hotspot.jre.full.win32.x86_64_17.0.3.v20220515-1416\jre\bin\net.dll
0x00007ffb9df30000 - 0x00007ffb9e03a000 	C:\Windows\SYSTEM32\WINHTTP.dll
0x00007ffb801b0000 - 0x00007ffb801c5000 	D:\spring-tool-suite-4-4.15.1.RELEASE-e4.24.0-win32.win32.x86_64.self-extracting\sts-4.15.1.RELEASE\plugins\org.eclipse.justj.openjdk.hotspot.jre.full.win32.x86_64_17.0.3.v20220515-1416\jre\bin\nio.dll
0x00007ffba6410000 - 0x00007ffba6419000 	D:\spring-tool-suite-4-4.15.1.RELEASE-e4.24.0-win32.win32.x86_64.self-extracting\sts-4.15.1.RELEASE\plugins\org.eclipse.justj.openjdk.hotspot.jre.full.win32.x86_64_17.0.3.v20220515-1416\jre\bin\management.dll
0x00007ffb8e650000 - 0x00007ffb8e65b000 	D:\spring-tool-suite-4-4.15.1.RELEASE-e4.24.0-win32.win32.x86_64.self-extracting\sts-4.15.1.RELEASE\plugins\org.eclipse.justj.openjdk.hotspot.jre.full.win32.x86_64_17.0.3.v20220515-1416\jre\bin\management_ext.dll
0x00007ffb8ee40000 - 0x00007ffb8ee57000 	C:\Windows\system32\napinsp.dll
0x00007ffb8edf0000 - 0x00007ffb8ee0b000 	C:\Windows\system32\pnrpnsp.dll
0x00007ffb8ece0000 - 0x00007ffb8ecf5000 	C:\Windows\system32\wshbth.dll
0x00007ffba6270000 - 0x00007ffba628d000 	C:\Windows\system32\NLAapi.dll
0x00007ffb8ecc0000 - 0x00007ffb8ecd2000 	C:\Windows\System32\winrnr.dll
0x00007ffbaa000000 - 0x00007ffbaa018000 	C:\Windows\SYSTEM32\CRYPTSP.dll
0x00007ffba9780000 - 0x00007ffba97b4000 	C:\Windows\system32\rsaenh.dll
0x00007ffbaa610000 - 0x00007ffbaa63e000 	C:\Windows\SYSTEM32\USERENV.dll
0x00007ffba9ff0000 - 0x00007ffba9ffc000 	C:\Windows\SYSTEM32\CRYPTBASE.dll
0x00007ffba32a0000 - 0x00007ffba32b7000 	C:\Windows\SYSTEM32\dhcpcsvc6.DLL
0x00007ffba30f0000 - 0x00007ffba310d000 	C:\Windows\SYSTEM32\dhcpcsvc.DLL
0x00007ffba1a00000 - 0x00007ffba1a10000 	D:\spring-tool-suite-4-4.15.1.RELEASE-e4.24.0-win32.win32.x86_64.self-extracting\sts-4.15.1.RELEASE\plugins\org.eclipse.justj.openjdk.hotspot.jre.full.win32.x86_64_17.0.3.v20220515-1416\jre\bin\verify.dll
0x00007ffb80170000 - 0x00007ffb8017e000 	D:\spring-tool-suite-4-4.15.1.RELEASE-e4.24.0-win32.win32.x86_64.self-extracting\sts-4.15.1.RELEASE\plugins\org.eclipse.justj.openjdk.hotspot.jre.full.win32.x86_64_17.0.3.v20220515-1416\jre\bin\sunmscapi.dll
0x00007ffbaab00000 - 0x00007ffbaac56000 	C:\Windows\System32\CRYPT32.dll
0x00007ffbaa110000 - 0x00007ffbaa137000 	C:\Windows\SYSTEM32\ncrypt.dll
0x00007ffbaa0d0000 - 0x00007ffbaa10b000 	C:\Windows\SYSTEM32\NTASN1.dll
0x00007ffba6320000 - 0x00007ffba6327000 	C:\Windows\system32\wshunix.dll

dbghelp: loaded successfully - version: 4.0.5 - missing functions: none
symbol engine: initialized successfully - sym options: 0x614 - pdb path: .;D:\spring-tool-suite-4-4.15.1.RELEASE-e4.24.0-win32.win32.x86_64.self-extracting\sts-4.15.1.RELEASE\plugins\org.eclipse.justj.openjdk.hotspot.jre.full.win32.x86_64_17.0.3.v20220515-1416\jre\bin;C:\Windows\SYSTEM32;C:\Program Files\Bitdefender\Endpoint Security\atcuf\dlls_265968144989414722;C:\Windows\WinSxS\amd64_microsoft.windows.common-controls_6595b64144ccf1df_6.0.19041.1110_none_60b5254171f9507e;D:\spring-tool-suite-4-4.15.1.RELEASE-e4.24.0-win32.win32.x86_64.self-extracting\sts-4.15.1.RELEASE\plugins\org.eclipse.justj.openjdk.hotspot.jre.full.win32.x86_64_17.0.3.v20220515-1416\jre\bin\server

VM Arguments:
jvm_args: -XX:+ShowCodeDetailsInExceptionMessages -agentlib:jdwp=transport=dt_socket,suspend=y,address=localhost:56880 -Dcom.sun.management.jmxremote -Dcom.sun.management.jmxremote.port=56879 -Dcom.sun.management.jmxremote.authenticate=false -Dcom.sun.management.jmxremote.ssl=false -Djava.rmi.server.hostname=localhost -Dspring.jmx.enabled=true -Dspring.application.admin.enabled=true -XX:TieredStopAtLevel=1 -Dspring.boot.project.name=api-osoc-lecturaxml -javaagent:D:\spring-tool-suite-4-4.15.1.RELEASE-e4.24.0-win32.win32.x86_64.self-extracting\sts-4.15.1.RELEASE\configuration\org.eclipse.osgi\258\0\.cp\lib\javaagent-shaded.jar -Dfile.encoding=UTF-8 
java_command: com.pronaca.osoc.lecturaxml.ApiOsocLecturaxmlApplication --spring.output.ansi.enabled=always
java_class_path (initial): D:\Proyectos\Pronaca\api-osoc-lecturaxml\bin\main;C:\Users\bayteq\.gradle\caches\modules-2\files-2.1\org.springframework.boot\spring-boot-starter-data-jpa\2.6.9\c9e0dc1712fdd1e8fab357e0446e36b2ea334932\spring-boot-starter-data-jpa-2.6.9.jar;C:\Users\bayteq\.gradle\caches\modules-2\files-2.1\org.springframework.boot\spring-boot-starter-jdbc\2.6.9\22253341a9af587b86528384a0ed63554135647e\spring-boot-starter-jdbc-2.6.9.jar;C:\Users\bayteq\.gradle\caches\modules-2\files-2.1\org.springframework.boot\spring-boot-starter-web\2.6.9\5e7b4f48950c28be544641924a32f682edc9ab2e\spring-boot-starter-web-2.6.9.jar;C:\Users\bayteq\.gradle\caches\modules-2\files-2.1\com.jcraft\jsch\0.1.55\bbd40e5aa7aa3cfad5db34965456cee738a42a50\jsch-0.1.55.jar;C:\Users\bayteq\.gradle\caches\modules-2\files-2.1\org.springframework.boot\spring-boot-starter-aop\2.6.9\774b3b248676210caaf87ec77e9a494d8545b7ae\spring-boot-starter-aop-2.6.9.jar;C:\Users\bayteq\.gradle\caches\modules-2\files-2.1\jakarta.transaction\jakarta.transaction-api\1.3.3\c4179d48720a1e87202115fbed6089bdc4195405\jakarta.transaction-api-1.3.3.jar;C:\Users\bayteq\.gradle\caches\modules-2\files-2.1\jakarta.persistence\jakarta.persistence-api\2.2.3\8f6ea5daedc614f07a3654a455660145286f024e\jakarta.persistence-api-2.2.3.jar;C:\Users\bayteq\.gradle\caches\modules-2\files-2.1\org.hibernate\hibernate-core\5.6.9.Final\8ec2c7b13de2fbcb19feddfb3a30932bb6a8228a\hibernate-core-5.6.9.Final.jar;C:\Users\bayteq\.gradle\caches\modules-2\files-2.1\org.springframework.data\spring-data-jpa\2.6.5\f6a1c9baea0871f9cbae51b767f5c0405f1ba2ec\spring-data-jpa-2.6.5.jar;C:\Users\bayteq\.gradle\caches\modules-2\files-2.1\org.springframework\spring-aspects\5.3.21\9e8271b86c5be0388c2c34f2c5c3d070af06cd2\spring-aspects-5.3.21.jar;C:\Users\bayteq\.gradle\caches\modules-2\files-2.1\org.springframework.boot\spring-boot-starter-json\2.6.9\f48a152dc5b8b8c67e4affdda7609266ff82c143\spring-boot-starter-json-2.6.9.jar;C:\Users\bayteq\.gradle\caches\
Launcher Type: SUN_STANDARD

[Global flags]
     intx CICompilerCount                          = 4                                         {product} {ergonomic}
     uint ConcGCThreads                            = 2                                         {product} {ergonomic}
     uint G1ConcRefinementThreads                  = 8                                         {product} {ergonomic}
   size_t G1HeapRegionSize                         = 2097152                                   {product} {ergonomic}
    uintx GCDrainStackTargetSize                   = 64                                        {product} {ergonomic}
   size_t InitialHeapSize                          = 268435456                                 {product} {ergonomic}
     bool ManagementServer                         = true                                      {product} {command line}
   size_t MarkStackSize                            = 4194304                                   {product} {ergonomic}
   size_t MaxHeapSize                              = 4269801472                                {product} {ergonomic}
   size_t MaxNewSize                               = 2560622592                                {product} {ergonomic}
   size_t MinHeapDeltaBytes                        = 2097152                                   {product} {ergonomic}
   size_t MinHeapSize                              = 8388608                                   {product} {ergonomic}
    uintx NonProfiledCodeHeapSize                  = 0                                      {pd product} {ergonomic}
     bool ProfileInterpreter                       = false                                  {pd product} {command line}
    uintx ProfiledCodeHeapSize                     = 0                                      {pd product} {ergonomic}
     bool ShowCodeDetailsInExceptionMessages       = true                                   {manageable} {command line}
   size_t SoftMaxHeapSize                          = 4269801472                             {manageable} {ergonomic}
     intx TieredStopAtLevel                        = 1                                         {product} {command line}
     bool UseCompressedClassPointers               = true                           {product lp64_product} {ergonomic}
     bool UseCompressedOops                        = true                           {product lp64_product} {ergonomic}
     bool UseG1GC                                  = true                                      {product} {ergonomic}
     bool UseLargePagesIndividualAllocation        = false                                  {pd product} {ergonomic}

Logging:
Log output configuration:
 #0: stdout all=warning uptime,level,tags
 #1: stderr all=off uptime,level,tags

Environment Variables:
JAVA_HOME=C:\Program Files\Java\jdk1.8.0_202
PATH=D:\spring-tool-suite-4-4.15.1.RELEASE-e4.24.0-win32.win32.x86_64.self-extracting\sts-4.15.1.RELEASE\plugins\org.eclipse.justj.openjdk.hotspot.jre.full.win32.x86_64_17.0.3.v20220515-1416\jre\bin;D:/spring-tool-suite-4-4.15.1.RELEASE-e4.24.0-win32.win32.x86_64.self-extracting/sts-4.15.1.RELEASE//plugins/org.eclipse.justj.openjdk.hotspot.jre.full.win32.x86_64_17.0.3.v20220515-1416/jre/bin/server;D:/spring-tool-suite-4-4.15.1.RELEASE-e4.24.0-win32.win32.x86_64.self-extracting/sts-4.15.1.RELEASE//plugins/org.eclipse.justj.openjdk.hotspot.jre.full.win32.x86_64_17.0.3.v20220515-1416/jre/bin;C:\Program Files\Common Files\Oracle\Java\javapath;C:\Users\bayteq\Documents\oracle\bin;C:\Program Files (x86)\Common Files\Oracle\Java\javapath;C:\Windows\system32;C:\Windows;C:\Windows\System32\Wbem;C:\Windows\System32\WindowsPowerShell\v1.0\;C:\Windows\System32\OpenSSH\;C:\Program Files\Git\cmd;C:\Program Files\TortoiseGit\bin;C:\Program Files (x86)\Microsoft SQL Server\150\DTS\Binn\;C:\Program Files\Azure Data Studio\bin;C:\Program Files\PuTTY\;C:\wamp64\bin\php\php8.0.13;C:\ProgramData\ComposerSetup\bin;D:\gradle7.5\gradle-7.5\bin;C:\Users\bayteq\AppData\Local\Microsoft\WindowsApps;;C:\Users\bayteq\AppData\Local\Programs\Microsoft VS Code\bin;C:\Program Files\Azure Data Studio\bin;C:\Users\bayteq\AppData\Roaming\Composer\vendor\bin;D:\spring-tool-suite-4-4.15.1.RELEASE-e4.24.0-win32.win32.x86_64.self-extracting\sts-4.15.1.RELEASE;
USERNAME=bayteq
OS=Windows_NT
PROCESSOR_IDENTIFIER=Intel64 Family 6 Model 58 Stepping 9, GenuineIntel



---------------  S Y S T E M  ---------------

OS:
 Windows 10 , 64 bit Build 19041 (10.0.19041.1806)
OS uptime: 1 days 7:16 hours

CPU: total 8 (initial active 8) (4 cores per cpu, 2 threads per core) family 6 model 58 stepping 9 microcode 0x21, cx8, cmov, fxsr, ht, mmx, sse, sse2, sse3, ssse3, sse4.1, sse4.2, popcnt, tsc, tscinvbit, avx, aes, erms, clmul, vzeroupper, clflush

Memory: 4k page, system-wide physical 16283M (4062M free)
TotalPageFile size 26523M (AvailPageFile size 6188M)
current process WorkingSet (physical memory assigned to process): 271M, peak: 293M
current process commit charge ("private bytes"): 304M, peak: 368M

vm_info: OpenJDK 64-Bit Server VM (17.0.3+7) for windows-amd64 JRE (17.0.3+7), built on Apr 19 2022 16:55:35 by "" with MS VC++ 16.7 (VS2019)

END.
